{"total": {"lines":{"total":2203,"covered":247,"skipped":0,"pct":11.21},"statements":{"total":2245,"covered":248,"skipped":0,"pct":11.04},"functions":{"total":289,"covered":40,"skipped":0,"pct":13.84},"branches":{"total":682,"covered":32,"skipped":0,"pct":4.69},"branchesTrue":{"total":0,"covered":0,"skipped":0,"pct":100}}
,"/Users/leogrv/hhchrm/src/background/serviceWorker.ts": {"lines":{"total":706,"covered":78,"skipped":0,"pct":11.04},"functions":{"total":92,"covered":11,"skipped":0,"pct":11.95},"statements":{"total":723,"covered":79,"skipped":0,"pct":10.92},"branches":{"total":194,"covered":8,"skipped":0,"pct":4.12}}
,"/Users/leogrv/hhchrm/src/content/resumeBooster.ts": {"lines":{"total":194,"covered":0,"skipped":0,"pct":0},"functions":{"total":26,"covered":0,"skipped":0,"pct":0},"statements":{"total":197,"covered":0,"skipped":0,"pct":0},"branches":{"total":75,"covered":0,"skipped":0,"pct":0}}
,"/Users/leogrv/hhchrm/src/popup/popup.ts": {"lines":{"total":360,"covered":0,"skipped":0,"pct":0},"functions":{"total":46,"covered":0,"skipped":0,"pct":0},"statements":{"total":372,"covered":0,"skipped":0,"pct":0},"branches":{"total":115,"covered":0,"skipped":0,"pct":0}}
,"/Users/leogrv/hhchrm/src/utils/alarmTimerManager.ts": {"lines":{"total":177,"covered":0,"skipped":0,"pct":0},"functions":{"total":23,"covered":0,"skipped":0,"pct":0},"statements":{"total":178,"covered":0,"skipped":0,"pct":0},"branches":{"total":58,"covered":0,"skipped":0,"pct":0}}
,"/Users/leogrv/hhchrm/src/utils/persistentAlarmManager.ts": {"lines":{"total":309,"covered":38,"skipped":0,"pct":12.29},"functions":{"total":32,"covered":8,"skipped":0,"pct":25},"statements":{"total":310,"covered":38,"skipped":0,"pct":12.25},"branches":{"total":98,"covered":3,"skipped":0,"pct":3.06}}
,"/Users/leogrv/hhchrm/src/utils/storage.ts": {"lines":{"total":89,"covered":69,"skipped":0,"pct":77.52},"functions":{"total":16,"covered":12,"skipped":0,"pct":75},"statements":{"total":89,"covered":69,"skipped":0,"pct":77.52},"branches":{"total":24,"covered":18,"skipped":0,"pct":75}}
,"/Users/leogrv/hhchrm/src/utils/tabManager.ts": {"lines":{"total":189,"covered":50,"skipped":0,"pct":26.45},"functions":{"total":30,"covered":6,"skipped":0,"pct":20},"statements":{"total":196,"covered":50,"skipped":0,"pct":25.51},"branches":{"total":64,"covered":0,"skipped":0,"pct":0}}
,"/Users/leogrv/hhchrm/src/utils/timerManager.ts": {"lines":{"total":167,"covered":0,"skipped":0,"pct":0},"functions":{"total":21,"covered":0,"skipped":0,"pct":0},"statements":{"total":168,"covered":0,"skipped":0,"pct":0},"branches":{"total":49,"covered":0,"skipped":0,"pct":0}}
,"/Users/leogrv/hhchrm/src/utils/types.ts": {"lines":{"total":12,"covered":12,"skipped":0,"pct":100},"functions":{"total":3,"covered":3,"skipped":0,"pct":100},"statements":{"total":12,"covered":12,"skipped":0,"pct":100},"branches":{"total":5,"covered":3,"skipped":0,"pct":60}}
}
