{"total": {"lines":{"total":2221,"covered":514,"skipped":0,"pct":23.14},"statements":{"total":2263,"covered":517,"skipped":0,"pct":22.84},"functions":{"total":290,"covered":79,"skipped":0,"pct":27.24},"branches":{"total":696,"covered":109,"skipped":0,"pct":15.66},"branchesTrue":{"total":0,"covered":0,"skipped":0,"pct":100}}
,"/Users/leogrv/hhchrm/src/background/serviceWorker.ts": {"lines":{"total":713,"covered":86,"skipped":0,"pct":12.06},"functions":{"total":93,"covered":12,"skipped":0,"pct":12.9},"statements":{"total":730,"covered":87,"skipped":0,"pct":11.91},"branches":{"total":196,"covered":8,"skipped":0,"pct":4.08}}
,"/Users/leogrv/hhchrm/src/content/resumeBooster.ts": {"lines":{"total":205,"covered":65,"skipped":0,"pct":31.7},"functions":{"total":26,"covered":8,"skipped":0,"pct":30.76},"statements":{"total":208,"covered":66,"skipped":0,"pct":31.73},"branches":{"total":81,"covered":15,"skipped":0,"pct":18.51}}
,"/Users/leogrv/hhchrm/src/popup/popup.ts": {"lines":{"total":360,"covered":10,"skipped":0,"pct":2.77},"functions":{"total":46,"covered":0,"skipped":0,"pct":0},"statements":{"total":372,"covered":10,"skipped":0,"pct":2.68},"branches":{"total":115,"covered":0,"skipped":0,"pct":0}}
,"/Users/leogrv/hhchrm/src/utils/alarmTimerManager.ts": {"lines":{"total":177,"covered":0,"skipped":0,"pct":0},"functions":{"total":23,"covered":0,"skipped":0,"pct":0},"statements":{"total":178,"covered":0,"skipped":0,"pct":0},"branches":{"total":60,"covered":0,"skipped":0,"pct":0}}
,"/Users/leogrv/hhchrm/src/utils/persistentAlarmManager.ts": {"lines":{"total":309,"covered":120,"skipped":0,"pct":38.83},"functions":{"total":32,"covered":21,"skipped":0,"pct":65.62},"statements":{"total":310,"covered":120,"skipped":0,"pct":38.7},"branches":{"total":102,"covered":24,"skipped":0,"pct":23.52}}
,"/Users/leogrv/hhchrm/src/utils/storage.ts": {"lines":{"total":89,"covered":88,"skipped":0,"pct":98.87},"functions":{"total":16,"covered":16,"skipped":0,"pct":100},"statements":{"total":89,"covered":88,"skipped":0,"pct":98.87},"branches":{"total":24,"covered":23,"skipped":0,"pct":95.83}}
,"/Users/leogrv/hhchrm/src/utils/tabManager.ts": {"lines":{"total":189,"covered":133,"skipped":0,"pct":70.37},"functions":{"total":30,"covered":19,"skipped":0,"pct":63.33},"statements":{"total":196,"covered":134,"skipped":0,"pct":68.36},"branches":{"total":64,"covered":36,"skipped":0,"pct":56.25}}
,"/Users/leogrv/hhchrm/src/utils/timerManager.ts": {"lines":{"total":167,"covered":0,"skipped":0,"pct":0},"functions":{"total":21,"covered":0,"skipped":0,"pct":0},"statements":{"total":168,"covered":0,"skipped":0,"pct":0},"branches":{"total":49,"covered":0,"skipped":0,"pct":0}}
,"/Users/leogrv/hhchrm/src/utils/types.ts": {"lines":{"total":12,"covered":12,"skipped":0,"pct":100},"functions":{"total":3,"covered":3,"skipped":0,"pct":100},"statements":{"total":12,"covered":12,"skipped":0,"pct":100},"branches":{"total":5,"covered":3,"skipped":0,"pct":60}}
}
