TN:
SF:src/background/serviceWorker.ts
FN:65,isValidResumeUrl
FN:81,sendMessageWithRetry
FN:125,(anonymous_11)
FN:161,(anonymous_12)
FN:167,(anonymous_13)
FN:186,(anonymous_14)
FN:196,(anonymous_15)
FN:202,(anonymous_16)
FN:231,(anonymous_17)
FN:235,(anonymous_18)
FN:299,(anonymous_19)
FN:315,(anonymous_20)
FN:320,(anonymous_21)
FN:334,(anonymous_22)
FN:346,(anonymous_23)
FN:351,(anonymous_24)
FN:357,(anonymous_25)
FN:369,(anonymous_26)
FN:384,(anonymous_27)
FN:400,(anonymous_28)
FN:412,(anonymous_29)
FN:430,(anonymous_30)
FN:444,(anonymous_31)
FN:463,(anonymous_32)
FN:472,(anonymous_33)
FN:490,(anonymous_34)
FN:500,(anonymous_35)
FN:519,(anonymous_36)
FN:529,(anonymous_37)
FN:537,(anonymous_38)
FN:545,(anonymous_39)
FN:578,(anonymous_40)
FN:598,(anonymous_41)
FN:629,(anonymous_42)
FN:637,(anonymous_43)
FN:638,(anonymous_44)
FN:639,(anonymous_45)
FN:640,(anonymous_46)
FN:643,(anonymous_47)
FN:645,(anonymous_48)
FN:646,(anonymous_49)
FN:678,(anonymous_50)
FN:711,(anonymous_51)
FN:751,(anonymous_52)
FN:788,(anonymous_53)
FN:817,(anonymous_54)
FN:835,(anonymous_55)
FN:863,(anonymous_56)
FN:889,(anonymous_57)
FN:926,(anonymous_58)
FN:936,addLogEntryOptimized
FN:941,(anonymous_60)
FN:970,initializeExtension
FN:981,(anonymous_62)
FN:1008,(anonymous_63)
FN:1026,(anonymous_64)
FN:1099,discoverAndManageTabs
FN:1251,handleTimerExpiration
FN:1300,(anonymous_67)
FN:1308,(anonymous_68)
FN:1385,(anonymous_69)
FN:1574,(anonymous_70)
FN:1644,handleGetExtensionState
FN:1655,(anonymous_72)
FN:1663,(anonymous_73)
FN:1721,handleSetGlobalPause
FN:1730,(anonymous_75)
FN:1730,(anonymous_76)
FN:1789,handleSetTabPause
FN:1796,(anonymous_78)
FN:1839,handleSetInterval
FN:1845,(anonymous_80)
FN:1845,(anonymous_81)
FN:1880,handleSettingsUpdate
FN:1888,(anonymous_83)
FN:1888,(anonymous_84)
FN:1953,handleRefreshTabs
FN:1971,handleTabPauseToggle
FN:1982,(anonymous_87)
FN:2004,handleTabRemove
FN:2015,(anonymous_89)
FN:2027,(anonymous_90)
FN:2027,(anonymous_91)
FN:2051,handleRunSystemTests
FN:2081,handleEnableTestingMode
FN:2105,handleDisableTestingMode
FN:2129,handleGetTestResults
FN:2162,(anonymous_96)
FN:2177,(anonymous_97)
FN:2206,(anonymous_98)
FN:2216,(anonymous_99)
FN:2218,(anonymous_100)
FN:2248,(anonymous_101)
FNF:93
FNH:12
FNDA:0,isValidResumeUrl
FNDA:0,sendMessageWithRetry
FNDA:0,(anonymous_11)
FNDA:2,(anonymous_12)
FNDA:0,(anonymous_13)
FNDA:0,(anonymous_14)
FNDA:0,(anonymous_15)
FNDA:0,(anonymous_16)
FNDA:2,(anonymous_17)
FNDA:0,(anonymous_18)
FNDA:0,(anonymous_19)
FNDA:0,(anonymous_20)
FNDA:0,(anonymous_21)
FNDA:2,(anonymous_22)
FNDA:4,(anonymous_23)
FNDA:0,(anonymous_24)
FNDA:0,(anonymous_25)
FNDA:1,(anonymous_26)
FNDA:2,(anonymous_27)
FNDA:0,(anonymous_28)
FNDA:0,(anonymous_29)
FNDA:2,(anonymous_30)
FNDA:0,(anonymous_31)
FNDA:0,(anonymous_32)
FNDA:0,(anonymous_33)
FNDA:0,(anonymous_34)
FNDA:0,(anonymous_35)
FNDA:2,(anonymous_36)
FNDA:1,(anonymous_37)
FNDA:0,(anonymous_38)
FNDA:0,(anonymous_39)
FNDA:0,(anonymous_40)
FNDA:0,(anonymous_41)
FNDA:0,(anonymous_42)
FNDA:0,(anonymous_43)
FNDA:0,(anonymous_44)
FNDA:0,(anonymous_45)
FNDA:0,(anonymous_46)
FNDA:0,(anonymous_47)
FNDA:0,(anonymous_48)
FNDA:0,(anonymous_49)
FNDA:0,(anonymous_50)
FNDA:0,(anonymous_51)
FNDA:0,(anonymous_52)
FNDA:0,(anonymous_53)
FNDA:0,(anonymous_54)
FNDA:0,(anonymous_55)
FNDA:0,(anonymous_56)
FNDA:0,(anonymous_57)
FNDA:0,(anonymous_58)
FNDA:0,addLogEntryOptimized
FNDA:0,(anonymous_60)
FNDA:2,initializeExtension
FNDA:2,(anonymous_62)
FNDA:0,(anonymous_63)
FNDA:0,(anonymous_64)
FNDA:1,discoverAndManageTabs
FNDA:0,handleTimerExpiration
FNDA:0,(anonymous_67)
FNDA:0,(anonymous_68)
FNDA:0,(anonymous_69)
FNDA:0,(anonymous_70)
FNDA:0,handleGetExtensionState
FNDA:0,(anonymous_72)
FNDA:0,(anonymous_73)
FNDA:0,handleSetGlobalPause
FNDA:0,(anonymous_75)
FNDA:0,(anonymous_76)
FNDA:0,handleSetTabPause
FNDA:0,(anonymous_78)
FNDA:0,handleSetInterval
FNDA:0,(anonymous_80)
FNDA:0,(anonymous_81)
FNDA:0,handleSettingsUpdate
FNDA:0,(anonymous_83)
FNDA:0,(anonymous_84)
FNDA:0,handleRefreshTabs
FNDA:0,handleTabPauseToggle
FNDA:0,(anonymous_87)
FNDA:0,handleTabRemove
FNDA:0,(anonymous_89)
FNDA:0,(anonymous_90)
FNDA:0,(anonymous_91)
FNDA:0,handleRunSystemTests
FNDA:0,handleEnableTestingMode
FNDA:0,handleDisableTestingMode
FNDA:0,handleGetTestResults
FNDA:0,(anonymous_96)
FNDA:0,(anonymous_97)
FNDA:0,(anonymous_98)
FNDA:0,(anonymous_99)
FNDA:0,(anonymous_100)
FNDA:0,(anonymous_101)
DA:37,2
DA:38,2
DA:44,2
DA:45,2
DA:52,2
DA:55,2
DA:56,2
DA:59,2
DA:66,0
DA:67,0
DA:70,0
DA:71,0
DA:72,0
DA:73,0
DA:75,0
DA:87,0
DA:89,0
DA:90,0
DA:91,0
DA:97,0
DA:98,0
DA:99,0
DA:102,0
DA:106,0
DA:109,0
DA:111,0
DA:112,0
DA:118,0
DA:119,0
DA:123,0
DA:124,0
DA:125,0
DA:128,0
DA:129,0
DA:133,0
DA:137,0
DA:146,0
DA:150,0
DA:162,2
DA:163,2
DA:164,2
DA:165,2
DA:168,0
DA:169,0
DA:171,0
DA:172,0
DA:173,0
DA:174,0
DA:177,0
DA:178,0
DA:179,0
DA:183,0
DA:187,0
DA:188,0
DA:189,0
DA:191,0
DA:197,0
DA:198,0
DA:199,0
DA:207,0
DA:208,0
DA:209,0
DA:212,0
DA:217,0
DA:218,0
DA:221,0
DA:226,2
DA:232,2
DA:233,2
DA:236,0
DA:238,0
DA:239,0
DA:240,0
DA:243,0
DA:244,0
DA:248,0
DA:250,0
DA:251,0
DA:252,0
DA:253,0
DA:254,0
DA:258,0
DA:262,0
DA:267,0
DA:269,0
DA:270,0
DA:272,0
DA:276,0
DA:282,0
DA:284,0
DA:289,0
DA:295,0
DA:300,0
DA:301,0
DA:302,0
DA:303,0
DA:305,0
DA:311,0
DA:316,0
DA:317,0
DA:321,0
DA:329,2
DA:335,2
DA:337,2
DA:341,2
DA:351,4
DA:352,0
DA:353,0
DA:354,0
DA:357,0
DA:358,0
DA:359,0
DA:362,0
DA:374,1
DA:385,2
DA:386,2
DA:388,1
DA:389,1
DA:390,0
DA:391,0
DA:394,1
DA:401,0
DA:402,0
DA:403,0
DA:404,0
DA:417,0
DA:425,2
DA:431,2
DA:438,2
DA:439,2
DA:445,0
DA:447,0
DA:448,0
DA:449,0
DA:452,0
DA:455,0
DA:456,0
DA:460,0
DA:461,0
DA:463,0
DA:464,0
DA:473,0
DA:474,0
DA:476,0
DA:481,0
DA:482,0
DA:486,0
DA:487,0
DA:489,0
DA:490,0
DA:491,0
DA:493,0
DA:501,0
DA:502,0
DA:503,0
DA:506,0
DA:514,2
DA:520,2
DA:524,2
DA:530,1
DA:531,1
DA:538,0
DA:539,0
DA:549,0
DA:551,0
DA:552,0
DA:554,0
DA:555,0
DA:556,0
DA:558,0
DA:560,0
DA:561,0
DA:563,0
DA:566,0
DA:568,0
DA:569,0
DA:570,0
DA:571,0
DA:579,0
DA:585,0
DA:586,0
DA:588,0
DA:591,0
DA:592,0
DA:613,0
DA:615,0
DA:616,0
DA:617,0
DA:623,0
DA:634,0
DA:636,0
DA:637,0
DA:638,0
DA:639,0
DA:640,0
DA:643,0
DA:645,0
DA:646,0
DA:649,0
DA:650,0
DA:651,0
DA:653,0
DA:654,0
DA:655,0
DA:656,0
DA:658,0
DA:661,0
DA:668,0
DA:672,0
DA:679,0
DA:681,0
DA:682,0
DA:684,0
DA:685,0
DA:687,0
DA:688,0
DA:689,0
DA:693,0
DA:694,0
DA:696,0
DA:697,0
DA:698,0
DA:701,0
DA:703,0
DA:704,0
DA:712,0
DA:714,0
DA:720,0
DA:727,0
DA:728,0
DA:729,0
DA:730,0
DA:734,0
DA:735,0
DA:736,0
DA:737,0
DA:741,0
DA:743,0
DA:744,0
DA:752,0
DA:753,0
DA:756,0
DA:757,0
DA:758,0
DA:762,0
DA:763,0
DA:766,0
DA:767,0
DA:768,0
DA:772,0
DA:773,0
DA:774,0
DA:775,0
DA:778,0
DA:780,0
DA:781,0
DA:789,0
DA:790,0
DA:793,0
DA:794,0
DA:795,0
DA:796,0
DA:800,0
DA:801,0
DA:802,0
DA:803,0
DA:804,0
DA:807,0
DA:809,0
DA:810,0
DA:818,0
DA:820,0
DA:821,0
DA:823,0
DA:824,0
DA:826,0
DA:830,0
DA:831,0
DA:835,0
DA:836,0
DA:838,0
DA:839,0
DA:840,0
DA:844,0
DA:845,0
DA:849,0
DA:850,0
DA:853,0
DA:855,0
DA:856,0
DA:864,0
DA:866,0
DA:867,0
DA:868,0
DA:869,0
DA:873,0
DA:874,0
DA:875,0
DA:876,0
DA:879,0
DA:881,0
DA:882,0
DA:890,0
DA:892,0
DA:893,0
DA:894,0
DA:898,0
DA:899,0
DA:900,0
DA:901,0
DA:904,0
DA:906,0
DA:907,0
DA:913,2
DA:918,2
DA:924,2
DA:927,0
DA:928,0
DA:941,0
DA:942,0
DA:968,2
DA:972,2
DA:973,0
DA:976,2
DA:977,0
DA:981,2
DA:982,2
DA:983,2
DA:986,2
DA:989,1
DA:992,1
DA:993,1
DA:995,1
DA:1001,1
DA:1004,1
DA:1007,1
DA:1009,0
DA:1015,1
DA:1018,1
DA:1022,1
DA:1023,1
DA:1026,1
DA:1027,0
DA:1028,0
DA:1029,0
DA:1033,0
DA:1034,0
DA:1039,0
DA:1044,1
DA:1046,1
DA:1051,1
DA:1055,1
DA:1056,1
DA:1062,2
DA:1066,2
DA:1100,1
DA:1102,1
DA:1103,1
DA:1105,1
DA:1106,0
DA:1108,1
DA:1109,1
DA:1112,1
DA:1115,1
DA:1117,1
DA:1120,1
DA:1123,1
DA:1124,1
DA:1125,1
DA:1127,1
DA:1131,1
DA:1132,0
DA:1137,0
DA:1142,0
DA:1143,0
DA:1149,0
DA:1150,0
DA:1155,0
DA:1156,0
DA:1158,0
DA:1164,0
DA:1168,0
DA:1173,0
DA:1179,1
DA:1183,0
DA:1186,0
DA:1187,0
DA:1252,0
DA:1257,0
DA:1258,0
DA:1261,0
DA:1264,0
DA:1266,0
DA:1267,0
DA:1272,0
DA:1273,0
DA:1274,0
DA:1279,0
DA:1280,0
DA:1281,0
DA:1285,0
DA:1292,0
DA:1293,0
DA:1294,0
DA:1298,0
DA:1299,0
DA:1300,0
DA:1302,0
DA:1305,0
DA:1308,0
DA:1310,0
DA:1311,0
DA:1312,0
DA:1316,0
DA:1317,0
DA:1318,0
DA:1322,0
DA:1323,0
DA:1324,0
DA:1326,0
DA:1327,0
DA:1329,0
DA:1334,0
DA:1335,0
DA:1336,0
DA:1339,0
DA:1340,0
DA:1343,0
DA:1344,0
DA:1345,0
DA:1349,0
DA:1350,0
DA:1351,0
DA:1355,0
DA:1357,0
DA:1364,0
DA:1369,0
DA:1370,0
DA:1371,0
DA:1373,0
DA:1374,0
DA:1379,0
DA:1381,0
DA:1382,0
DA:1385,0
DA:1386,0
DA:1393,0
DA:1396,0
DA:1400,0
DA:1401,0
DA:1407,0
DA:1410,0
DA:1412,0
DA:1416,0
DA:1418,0
DA:1421,0
DA:1426,0
DA:1427,0
DA:1430,0
DA:1433,0
DA:1439,0
DA:1442,0
DA:1444,0
DA:1449,0
DA:1450,0
DA:1453,0
DA:1456,0
DA:1458,0
DA:1464,0
DA:1465,0
DA:1469,0
DA:1471,0
DA:1478,0
DA:1481,0
DA:1482,0
DA:1485,0
DA:1486,0
DA:1488,0
DA:1497,0
DA:1499,0
DA:1502,0
DA:1507,0
DA:1508,0
DA:1515,0
DA:1516,0
DA:1519,0
DA:1520,0
DA:1524,0
DA:1525,0
DA:1526,0
DA:1530,0
DA:1539,0
DA:1540,0
DA:1573,2
DA:1579,0
DA:1582,0
DA:1584,0
DA:1585,0
DA:1589,0
DA:1590,0
DA:1593,0
DA:1594,0
DA:1597,0
DA:1598,0
DA:1602,0
DA:1603,0
DA:1605,0
DA:1607,0
DA:1610,0
DA:1611,0
DA:1614,0
DA:1615,0
DA:1618,0
DA:1619,0
DA:1622,0
DA:1623,0
DA:1626,0
DA:1627,0
DA:1630,0
DA:1631,0
DA:1634,0
DA:1635,0
DA:1636,0
DA:1647,0
DA:1648,0
DA:1650,0
DA:1651,0
DA:1653,0
DA:1655,0
DA:1663,0
DA:1664,0
DA:1665,0
DA:1666,0
DA:1668,0
DA:1672,0
DA:1676,0
DA:1678,0
DA:1686,0
DA:1699,0
DA:1706,0
DA:1708,0
DA:1710,0
DA:1711,0
DA:1725,0
DA:1726,0
DA:1727,0
DA:1730,0
DA:1731,0
DA:1734,0
DA:1736,0
DA:1737,0
DA:1739,0
DA:1740,0
DA:1741,0
DA:1742,0
DA:1743,0
DA:1747,0
DA:1753,0
DA:1754,0
DA:1755,0
DA:1757,0
DA:1761,0
DA:1762,0
DA:1763,0
DA:1764,0
DA:1765,0
DA:1769,0
DA:1775,0
DA:1776,0
DA:1778,0
DA:1779,0
DA:1794,0
DA:1795,0
DA:1796,0
DA:1798,0
DA:1799,0
DA:1800,0
DA:1803,0
DA:1804,0
DA:1805,0
DA:1807,0
DA:1813,0
DA:1814,0
DA:1816,0
DA:1817,0
DA:1819,0
DA:1826,0
DA:1828,0
DA:1829,0
DA:1843,0
DA:1845,0
DA:1846,0
DA:1850,0
DA:1851,0
DA:1853,0
DA:1854,0
DA:1858,0
DA:1862,0
DA:1867,0
DA:1869,0
DA:1870,0
DA:1884,0
DA:1885,0
DA:1888,0
DA:1889,0
DA:1893,0
DA:1895,0
DA:1896,0
DA:1898,0
DA:1899,0
DA:1903,0
DA:1909,0
DA:1910,0
DA:1914,0
DA:1915,0
DA:1916,0
DA:1919,0
DA:1923,0
DA:1927,0
DA:1935,0
DA:1940,0
DA:1942,0
DA:1943,0
DA:1956,0
DA:1957,0
DA:1958,0
DA:1960,0
DA:1961,0
DA:1975,0
DA:1976,0
DA:1977,0
DA:1978,0
DA:1981,0
DA:1982,0
DA:1984,0
DA:1985,0
DA:1986,0
DA:1990,0
DA:1991,0
DA:1993,0
DA:1994,0
DA:2008,0
DA:2009,0
DA:2010,0
DA:2011,0
DA:2014,0
DA:2015,0
DA:2017,0
DA:2018,0
DA:2019,0
DA:2023,0
DA:2024,0
DA:2027,0
DA:2028,0
DA:2031,0
DA:2037,0
DA:2038,0
DA:2040,0
DA:2041,0
DA:2054,0
DA:2055,0
DA:2056,0
DA:2058,0
DA:2060,0
DA:2065,0
DA:2070,0
DA:2071,0
DA:2084,0
DA:2085,0
DA:2087,0
DA:2092,0
DA:2094,0
DA:2095,0
DA:2108,0
DA:2109,0
DA:2111,0
DA:2116,0
DA:2118,0
DA:2119,0
DA:2132,0
DA:2133,0
DA:2134,0
DA:2139,0
DA:2140,0
DA:2162,2
DA:2163,0
DA:2165,0
DA:2171,0
DA:2177,2
DA:2178,0
DA:2180,0
DA:2186,0
DA:2206,2
DA:2207,0
DA:2209,0
DA:2212,0
DA:2213,0
DA:2214,0
DA:2216,0
DA:2217,0
DA:2218,0
DA:2220,0
DA:2225,0
DA:2226,0
DA:2228,0
DA:2229,0
DA:2231,0
DA:2240,0
DA:2248,2
DA:2249,0
DA:2251,0
DA:2253,0
DA:2262,2
LF:713
LH:86
BRDA:66,0,0,0
BRDA:75,1,0,0
BRDA:75,1,1,0
BRDA:75,1,2,0
BRDA:75,1,3,0
BRDA:84,2,0,0
BRDA:85,3,0,0
BRDA:98,4,0,0
BRDA:98,5,0,0
BRDA:98,5,1,0
BRDA:98,5,2,0
BRDA:118,6,0,0
BRDA:151,7,0,0
BRDA:151,7,1,0
BRDA:168,8,0,0
BRDA:168,8,1,0
BRDA:169,9,0,0
BRDA:169,9,1,0
BRDA:171,10,0,0
BRDA:173,11,0,0
BRDA:173,11,1,0
BRDA:187,12,0,0
BRDA:187,12,1,0
BRDA:207,13,0,0
BRDA:207,13,1,0
BRDA:217,14,0,0
BRDA:217,15,0,0
BRDA:217,15,1,0
BRDA:236,16,0,0
BRDA:236,16,1,0
BRDA:238,17,0,0
BRDA:251,18,0,0
BRDA:251,19,0,0
BRDA:251,19,1,0
BRDA:251,19,2,0
BRDA:322,20,0,0
BRDA:322,20,1,0
BRDA:353,21,0,0
BRDA:372,22,0,0
BRDA:386,23,0,1
BRDA:389,24,0,0
BRDA:403,25,0,0
BRDA:447,26,0,0
BRDA:455,27,0,0
BRDA:460,28,0,0
BRDA:460,28,1,0
BRDA:474,29,0,0
BRDA:474,30,0,0
BRDA:474,30,1,0
BRDA:481,31,0,0
BRDA:549,32,0,0
BRDA:560,33,0,0
BRDA:560,33,1,0
BRDA:579,34,0,0
BRDA:579,34,1,0
BRDA:585,35,0,0
BRDA:585,35,1,0
BRDA:619,36,0,0
BRDA:619,36,1,0
BRDA:655,37,0,0
BRDA:655,37,1,0
BRDA:687,38,0,0
BRDA:696,39,0,0
BRDA:728,40,0,0
BRDA:735,41,0,0
BRDA:756,42,0,0
BRDA:766,43,0,0
BRDA:773,44,0,0
BRDA:794,45,0,0
BRDA:802,46,0,0
BRDA:826,47,0,0
BRDA:827,48,0,0
BRDA:827,48,1,0
BRDA:838,49,0,0
BRDA:845,50,0,0
BRDA:846,51,0,0
BRDA:846,51,1,0
BRDA:867,52,0,0
BRDA:867,53,0,0
BRDA:867,53,1,0
BRDA:874,54,0,0
BRDA:892,55,0,0
BRDA:899,56,0,0
BRDA:972,57,0,0
BRDA:976,58,0,0
BRDA:1018,59,0,1
BRDA:1019,60,0,1
BRDA:1019,60,1,1
BRDA:1033,61,0,0
BRDA:1105,62,0,0
BRDA:1105,62,1,1
BRDA:1105,63,0,1
BRDA:1105,63,1,0
BRDA:1105,63,2,0
BRDA:1117,64,0,1
BRDA:1117,64,1,0
BRDA:1123,65,0,1
BRDA:1123,65,1,0
BRDA:1137,66,0,0
BRDA:1137,66,1,0
BRDA:1138,67,0,0
BRDA:1138,67,1,0
BRDA:1149,68,0,0
BRDA:1149,68,1,0
BRDA:1149,69,0,0
BRDA:1149,69,1,0
BRDA:1257,70,0,0
BRDA:1272,71,0,0
BRDA:1279,72,0,0
BRDA:1282,73,0,0
BRDA:1282,73,1,0
BRDA:1292,74,0,0
BRDA:1292,74,1,0
BRDA:1310,75,0,0
BRDA:1316,76,0,0
BRDA:1326,77,0,0
BRDA:1326,77,1,0
BRDA:1326,77,2,0
BRDA:1339,78,0,0
BRDA:1379,79,0,0
BRDA:1379,79,1,0
BRDA:1426,80,0,0
BRDA:1426,80,1,0
BRDA:1507,81,0,0
BRDA:1582,82,0,0
BRDA:1582,82,1,0
BRDA:1582,82,2,0
BRDA:1582,82,3,0
BRDA:1582,82,4,0
BRDA:1582,82,5,0
BRDA:1582,82,6,0
BRDA:1582,82,7,0
BRDA:1582,82,8,0
BRDA:1582,82,9,0
BRDA:1582,82,10,0
BRDA:1582,82,11,0
BRDA:1582,82,12,0
BRDA:1582,82,13,0
BRDA:1602,83,0,0
BRDA:1602,83,1,0
BRDA:1602,84,0,0
BRDA:1602,84,1,0
BRDA:1713,85,0,0
BRDA:1713,85,1,0
BRDA:1734,86,0,0
BRDA:1734,86,1,0
BRDA:1740,87,0,0
BRDA:1762,88,0,0
BRDA:1781,89,0,0
BRDA:1781,89,1,0
BRDA:1798,90,0,0
BRDA:1803,91,0,0
BRDA:1803,91,1,0
BRDA:1831,92,0,0
BRDA:1831,92,1,0
BRDA:1854,93,0,0
BRDA:1855,94,0,0
BRDA:1855,94,1,0
BRDA:1872,95,0,0
BRDA:1872,95,1,0
BRDA:1893,96,0,0
BRDA:1899,97,0,0
BRDA:1900,98,0,0
BRDA:1900,98,1,0
BRDA:1945,99,0,0
BRDA:1945,99,1,0
BRDA:1963,100,0,0
BRDA:1963,100,1,0
BRDA:1976,101,0,0
BRDA:1984,102,0,0
BRDA:1996,103,0,0
BRDA:1996,103,1,0
BRDA:2009,104,0,0
BRDA:2017,105,0,0
BRDA:2043,106,0,0
BRDA:2043,106,1,0
BRDA:2073,107,0,0
BRDA:2073,107,1,0
BRDA:2097,108,0,0
BRDA:2097,108,1,0
BRDA:2121,109,0,0
BRDA:2121,109,1,0
BRDA:2142,110,0,0
BRDA:2142,110,1,0
BRDA:2207,111,0,0
BRDA:2207,112,0,0
BRDA:2207,112,1,0
BRDA:2214,113,0,0
BRDA:2214,114,0,0
BRDA:2214,114,1,0
BRDA:2214,114,2,0
BRDA:2220,115,0,0
BRDA:2221,116,0,0
BRDA:2221,116,1,0
BRDA:2221,116,2,0
BRDA:2249,117,0,0
BRF:196
BRH:8
end_of_record
TN:
SF:src/content/resumeBooster.ts
FN:38,initialize
FN:55,(anonymous_1)
FN:72,findBoostButton
FN:119,(anonymous_3)
FN:135,isButtonActive
FN:181,clickBoostButton
FN:199,(anonymous_6)
FN:218,(anonymous_7)
FN:230,refreshPage
FN:242,checkButtonState
FN:270,setupMutationObserver
FN:275,(anonymous_11)
FN:343,setupPageRefresh
FN:354,(anonymous_13)
FN:368,(anonymous_14)
FN:377,setupPageRefreshWithInterval
FN:391,(anonymous_16)
FN:403,(anonymous_17)
FN:413,setupMessageListener
FN:426,messageHandler
FN:470,handleBoostRequest
FN:502,handleButtonStateRequest
FN:523,handleGetStateRequest
FN:546,handleSettingsUpdate
FN:565,sendMessageToBackground
FN:584,cleanup
FNF:26
FNH:8
FNDA:1,initialize
FNDA:0,(anonymous_1)
FNDA:2,findBoostButton
FNDA:0,(anonymous_3)
FNDA:1,isButtonActive
FNDA:0,clickBoostButton
FNDA:0,(anonymous_6)
FNDA:0,(anonymous_7)
FNDA:0,refreshPage
FNDA:1,checkButtonState
FNDA:1,setupMutationObserver
FNDA:0,(anonymous_11)
FNDA:1,setupPageRefresh
FNDA:0,(anonymous_13)
FNDA:0,(anonymous_14)
FNDA:0,setupPageRefreshWithInterval
FNDA:0,(anonymous_16)
FNDA:0,(anonymous_17)
FNDA:1,setupMessageListener
FNDA:0,messageHandler
FNDA:0,handleBoostRequest
FNDA:0,handleButtonStateRequest
FNDA:0,handleGetStateRequest
FNDA:0,handleSettingsUpdate
FNDA:1,sendMessageToBackground
FNDA:0,cleanup
DA:6,1
DA:9,1
DA:29,1
DA:30,1
DA:31,1
DA:32,1
DA:33,1
DA:40,1
DA:41,0
DA:44,1
DA:45,1
DA:47,1
DA:49,1
DA:52,1
DA:55,1
DA:56,0
DA:60,1
DA:62,1
DA:63,1
DA:65,1
DA:73,2
DA:75,2
DA:76,32
DA:78,32
DA:79,12
DA:80,12
DA:81,12
DA:83,12
DA:84,12
DA:85,12
DA:89,12
DA:90,0
DA:91,0
DA:92,0
DA:93,0
DA:98,20
DA:99,20
DA:100,0
DA:101,0
DA:105,0
DA:110,2
DA:113,2
DA:117,2
DA:118,0
DA:119,0
DA:120,0
DA:122,0
DA:129,2
DA:136,1
DA:138,1
DA:139,1
DA:143,0
DA:147,0
DA:151,0
DA:152,0
DA:154,0
DA:155,0
DA:156,0
DA:161,0
DA:162,0
DA:169,0
DA:170,0
DA:171,0
DA:175,0
DA:182,0
DA:183,0
DA:185,0
DA:186,0
DA:187,0
DA:190,0
DA:191,0
DA:192,0
DA:196,0
DA:199,0
DA:202,0
DA:208,0
DA:211,0
DA:212,0
DA:215,0
DA:218,0
DA:220,0
DA:222,0
DA:223,0
DA:231,0
DA:232,0
DA:233,0
DA:235,0
DA:243,1
DA:244,1
DA:247,1
DA:248,1
DA:250,1
DA:261,1
DA:262,0
DA:271,1
DA:272,0
DA:275,1
DA:276,0
DA:278,0
DA:280,0
DA:281,0
DA:286,0
DA:287,0
DA:288,0
DA:291,0
DA:297,0
DA:298,0
DA:305,0
DA:309,0
DA:311,0
DA:318,0
DA:323,0
DA:325,0
DA:330,1
DA:337,1
DA:344,1
DA:345,0
DA:348,1
DA:350,1
DA:351,0
DA:352,0
DA:354,0
DA:355,0
DA:358,0
DA:362,1
DA:367,1
DA:368,1
DA:369,0
DA:378,0
DA:382,0
DA:383,0
DA:384,0
DA:387,0
DA:388,0
DA:389,0
DA:391,0
DA:392,0
DA:393,0
DA:396,0
DA:400,0
DA:402,0
DA:403,0
DA:404,0
DA:406,0
DA:415,1
DA:416,0
DA:419,1
DA:420,1
DA:431,0
DA:433,0
DA:435,0
DA:436,0
DA:439,0
DA:440,0
DA:443,0
DA:444,0
DA:445,0
DA:448,0
DA:449,0
DA:452,0
DA:453,0
DA:454,0
DA:457,0
DA:458,0
DA:463,0
DA:473,0
DA:474,0
DA:476,0
DA:486,0
DA:488,0
DA:505,0
DA:506,0
DA:508,0
DA:526,0
DA:528,0
DA:547,0
DA:548,0
DA:549,0
DA:552,0
DA:553,0
DA:556,0
DA:558,0
DA:566,1
DA:567,1
DA:568,1
DA:570,0
DA:573,0
DA:574,0
DA:577,0
DA:585,0
DA:586,0
DA:587,0
DA:590,0
DA:591,0
DA:592,0
DA:596,0
DA:597,0
DA:600,0
DA:601,0
DA:605,1
DA:606,0
DA:608,1
DA:612,1
DA:616,1
DA:617,1
LF:205
LH:65
BRDA:40,0,0,0
BRDA:40,1,0,1
BRDA:40,1,1,1
BRDA:78,2,0,12
BRDA:78,2,1,20
BRDA:80,3,0,12
BRDA:81,4,0,12
BRDA:81,4,1,0
BRDA:83,5,0,0
BRDA:83,5,1,12
BRDA:91,6,0,0
BRDA:91,7,0,0
BRDA:91,7,1,0
BRDA:99,8,0,0
BRDA:117,9,0,0
BRDA:120,10,0,0
BRDA:138,11,0,1
BRDA:143,12,0,0
BRDA:144,13,0,0
BRDA:144,13,1,0
BRDA:155,14,0,0
BRDA:161,15,0,0
BRDA:161,15,1,0
BRDA:170,16,0,0
BRDA:185,17,0,0
BRDA:190,18,0,0
BRDA:211,19,0,0
BRDA:247,20,0,1
BRDA:256,21,0,1
BRDA:256,21,1,1
BRDA:261,22,0,0
BRDA:271,23,0,0
BRDA:280,24,0,0
BRDA:287,25,0,0
BRDA:291,26,0,0
BRDA:292,27,0,0
BRDA:292,27,1,0
BRDA:292,27,2,0
BRDA:292,27,3,0
BRDA:305,28,0,0
BRDA:306,29,0,0
BRDA:306,29,1,0
BRDA:311,30,0,0
BRDA:312,31,0,0
BRDA:312,31,1,0
BRDA:312,31,2,0
BRDA:315,32,0,0
BRDA:315,32,1,0
BRDA:323,33,0,0
BRDA:344,34,0,0
BRDA:351,35,0,0
BRDA:351,35,1,0
BRDA:382,36,0,0
BRDA:415,37,0,0
BRDA:433,38,0,0
BRDA:433,38,1,0
BRDA:433,38,2,0
BRDA:433,38,3,0
BRDA:433,38,4,0
BRDA:433,38,5,0
BRDA:492,39,0,0
BRDA:492,39,1,0
BRDA:514,40,0,0
BRDA:514,40,1,0
BRDA:535,41,0,0
BRDA:535,41,1,0
BRDA:549,42,0,0
BRDA:549,42,1,0
BRDA:552,43,0,0
BRDA:552,43,1,0
BRDA:552,44,0,0
BRDA:552,44,1,0
BRDA:573,45,0,0
BRDA:585,46,0,0
BRDA:590,47,0,0
BRDA:596,48,0,0
BRDA:605,49,0,0
BRDA:605,49,1,1
BRDA:616,50,0,1
BRDA:616,51,0,1
BRDA:616,51,1,1
BRF:81
BRH:15
end_of_record
TN:
SF:src/popup/popup.ts
FN:42,sendMessageToServiceWorker
FN:80,(anonymous_1)
FN:100,initializePopup
FN:163,loadSettings
FN:185,loadManagedTabs
FN:202,(anonymous_5)
FN:261,loadGlobalPauseState
FN:299,loadLogs
FN:313,setupEventListeners
FN:318,(anonymous_9)
FN:334,handleGlobalPauseToggle
FN:382,debugChromeStorage
FN:398,testDirectSave
FN:430,handleSettingsClick
FN:512,updateSettings
FN:534,(anonymous_15)
FN:556,handleClearLogs
FN:569,handleBackgroundMessage
FN:574,(anonymous_18)
FN:596,updateStatusIndicator
FN:610,(anonymous_20)
FN:613,(anonymous_21)
FN:615,(anonymous_22)
FN:625,updateGlobalPauseButton
FN:638,renderManagedTabs
FN:652,(anonymous_25)
FN:698,setupTabActionListeners
FN:701,(anonymous_27)
FN:707,(anonymous_28)
FN:715,handleTabPauseToggle
FN:721,(anonymous_30)
FN:754,handleTabRemove
FN:761,(anonymous_32)
FN:795,renderLogs
FN:812,(anonymous_34)
FN:839,getStateClass
FN:854,getStateText
FN:873,getTimeRemaining
FN:883,(anonymous_38)
FN:890,(anonymous_39)
FN:940,getLastClickText
FN:954,getLevelClass
FN:967,truncateText
FN:974,(anonymous_43)
FN:980,(anonymous_44)
FN:981,(anonymous_45)
FNF:46
FNH:0
FNDA:0,sendMessageToServiceWorker
FNDA:0,(anonymous_1)
FNDA:0,initializePopup
FNDA:0,loadSettings
FNDA:0,loadManagedTabs
FNDA:0,(anonymous_5)
FNDA:0,loadGlobalPauseState
FNDA:0,loadLogs
FNDA:0,setupEventListeners
FNDA:0,(anonymous_9)
FNDA:0,handleGlobalPauseToggle
FNDA:0,debugChromeStorage
FNDA:0,testDirectSave
FNDA:0,handleSettingsClick
FNDA:0,updateSettings
FNDA:0,(anonymous_15)
FNDA:0,handleClearLogs
FNDA:0,handleBackgroundMessage
FNDA:0,(anonymous_18)
FNDA:0,updateStatusIndicator
FNDA:0,(anonymous_20)
FNDA:0,(anonymous_21)
FNDA:0,(anonymous_22)
FNDA:0,updateGlobalPauseButton
FNDA:0,renderManagedTabs
FNDA:0,(anonymous_25)
FNDA:0,setupTabActionListeners
FNDA:0,(anonymous_27)
FNDA:0,(anonymous_28)
FNDA:0,handleTabPauseToggle
FNDA:0,(anonymous_30)
FNDA:0,handleTabRemove
FNDA:0,(anonymous_32)
FNDA:0,renderLogs
FNDA:0,(anonymous_34)
FNDA:0,getStateClass
FNDA:0,getStateText
FNDA:0,getTimeRemaining
FNDA:0,(anonymous_38)
FNDA:0,(anonymous_39)
FNDA:0,getLastClickText
FNDA:0,getLevelClass
FNDA:0,truncateText
FNDA:0,(anonymous_43)
FNDA:0,(anonymous_44)
FNDA:0,(anonymous_45)
DA:4,1
DA:13,1
DA:21,1
DA:22,1
DA:23,1
DA:36,1
DA:37,1
DA:47,0
DA:49,0
DA:50,0
DA:51,0
DA:56,0
DA:58,0
DA:59,0
DA:62,0
DA:64,0
DA:69,0
DA:70,0
DA:73,0
DA:74,0
DA:78,0
DA:79,0
DA:80,0
DA:85,0
DA:89,0
DA:101,0
DA:102,0
DA:103,0
DA:106,0
DA:107,0
DA:108,0
DA:109,0
DA:110,0
DA:113,0
DA:114,0
DA:116,0
DA:126,0
DA:135,0
DA:136,0
DA:140,0
DA:141,0
DA:142,0
DA:143,0
DA:146,0
DA:149,0
DA:150,0
DA:151,0
DA:153,0
DA:155,0
DA:156,0
DA:164,0
DA:165,0
DA:166,0
DA:167,0
DA:169,0
DA:171,0
DA:178,0
DA:186,0
DA:187,0
DA:190,0
DA:193,0
DA:195,0
DA:196,0
DA:202,0
DA:203,0
DA:217,0
DA:223,0
DA:226,0
DA:232,0
DA:233,0
DA:240,0
DA:241,0
DA:244,0
DA:246,0
DA:248,0
DA:249,0
DA:250,0
DA:252,0
DA:253,0
DA:262,0
DA:263,0
DA:266,0
DA:270,0
DA:271,0
DA:272,0
DA:277,0
DA:281,0
DA:282,0
DA:286,0
DA:288,0
DA:290,0
DA:291,0
DA:292,0
DA:300,0
DA:301,0
DA:302,0
DA:303,0
DA:305,0
DA:306,0
DA:315,0
DA:318,0
DA:319,0
DA:323,0
DA:326,0
DA:328,0
DA:335,0
DA:336,0
DA:339,0
DA:342,0
DA:344,0
DA:347,0
DA:352,0
DA:354,0
DA:355,0
DA:360,0
DA:361,0
DA:362,0
DA:366,0
DA:367,0
DA:369,0
DA:371,0
DA:373,0
DA:374,0
DA:375,0
DA:383,0
DA:384,0
DA:385,0
DA:386,0
DA:388,0
DA:389,0
DA:391,0
DA:399,0
DA:400,0
DA:403,0
DA:414,0
DA:417,0
DA:421,0
DA:423,0
DA:431,0
DA:437,0
DA:440,0
DA:441,0
DA:447,0
DA:459,0
DA:460,0
DA:462,0
DA:464,0
DA:469,0
DA:471,0
DA:472,0
DA:473,0
DA:475,0
DA:476,0
DA:479,0
DA:481,0
DA:482,0
DA:485,0
DA:486,0
DA:488,0
DA:491,0
DA:493,0
DA:498,0
DA:499,0
DA:500,0
DA:501,0
DA:503,0
DA:513,0
DA:514,0
DA:515,0
DA:520,0
DA:521,0
DA:523,0
DA:524,0
DA:525,0
DA:528,0
DA:533,0
DA:534,0
DA:535,0
DA:539,0
DA:540,0
DA:541,0
DA:543,0
DA:544,0
DA:545,0
DA:547,0
DA:549,0
DA:557,0
DA:558,0
DA:559,0
DA:560,0
DA:562,0
DA:570,0
DA:572,0
DA:574,0
DA:575,0
DA:576,0
DA:578,0
DA:581,0
DA:582,0
DA:585,0
DA:586,0
DA:589,0
DA:597,0
DA:598,0
DA:599,0
DA:600,0
DA:604,0
DA:605,0
DA:606,0
DA:607,0
DA:608,0
DA:609,0
DA:610,0
DA:611,0
DA:612,0
DA:613,0
DA:614,0
DA:615,0
DA:617,0
DA:618,0
DA:626,0
DA:627,0
DA:628,0
DA:630,0
DA:631,0
DA:639,0
DA:640,0
DA:648,0
DA:651,0
DA:653,0
DA:654,0
DA:655,0
DA:656,0
DA:658,0
DA:689,0
DA:692,0
DA:700,0
DA:701,0
DA:702,0
DA:706,0
DA:707,0
DA:708,0
DA:716,0
DA:717,0
DA:719,0
DA:721,0
DA:722,0
DA:723,0
DA:724,0
DA:727,0
DA:728,0
DA:730,0
DA:736,0
DA:738,0
DA:739,0
DA:741,0
DA:742,0
DA:744,0
DA:747,0
DA:755,0
DA:756,0
DA:758,0
DA:759,0
DA:761,0
DA:764,0
DA:765,0
DA:768,0
DA:773,0
DA:775,0
DA:776,0
DA:778,0
DA:780,0
DA:781,0
DA:784,0
DA:786,0
DA:787,0
DA:796,0
DA:797,0
DA:799,0
DA:800,0
DA:805,0
DA:809,0
DA:811,0
DA:813,0
DA:814,0
DA:816,0
DA:825,0
DA:827,0
DA:828,0
DA:840,0
DA:842,0
DA:844,0
DA:846,0
DA:848,0
DA:850,0
DA:855,0
DA:857,0
DA:859,0
DA:861,0
DA:863,0
DA:865,0
DA:867,0
DA:869,0
DA:875,0
DA:876,0
DA:883,0
DA:884,0
DA:886,0
DA:887,0
DA:888,0
DA:890,0
DA:892,0
DA:895,0
DA:897,0
DA:898,0
DA:899,0
DA:902,0
DA:903,0
DA:911,0
DA:912,0
DA:913,0
DA:916,0
DA:917,0
DA:918,0
DA:921,0
DA:922,0
DA:924,0
DA:925,0
DA:926,0
DA:929,0
DA:930,0
DA:931,0
DA:933,0
DA:934,0
DA:935,0
DA:937,0
DA:941,0
DA:943,0
DA:944,0
DA:945,0
DA:947,0
DA:948,0
DA:950,0
DA:951,0
DA:955,0
DA:957,0
DA:959,0
DA:961,0
DA:963,0
DA:968,0
DA:969,0
DA:973,1
DA:974,1
DA:975,0
DA:976,0
DA:980,1
DA:981,0
DA:982,0
DA:983,0
DA:985,0
LF:360
LH:10
BRDA:44,0,0,0
BRDA:45,1,0,0
BRDA:58,2,0,0
BRDA:58,2,1,0
BRDA:58,3,0,0
BRDA:58,3,1,0
BRDA:65,4,0,0
BRDA:65,4,1,0
BRDA:73,5,0,0
BRDA:90,6,0,0
BRDA:90,6,1,0
BRDA:126,7,0,0
BRDA:127,8,0,0
BRDA:127,8,1,0
BRDA:127,8,2,0
BRDA:127,8,3,0
BRDA:127,8,4,0
BRDA:127,8,5,0
BRDA:127,8,6,0
BRDA:195,9,0,0
BRDA:195,9,1,0
BRDA:195,10,0,0
BRDA:195,10,1,0
BRDA:209,11,0,0
BRDA:209,11,1,0
BRDA:212,12,0,0
BRDA:212,12,1,0
BRDA:213,13,0,0
BRDA:213,13,1,0
BRDA:236,14,0,0
BRDA:236,14,1,0
BRDA:270,15,0,0
BRDA:270,15,1,0
BRDA:270,16,0,0
BRDA:270,16,1,0
BRDA:354,17,0,0
BRDA:462,18,0,0
BRDA:462,18,1,0
BRDA:471,19,0,0
BRDA:475,20,0,0
BRDA:475,20,1,0
BRDA:475,21,0,0
BRDA:475,21,1,0
BRDA:491,22,0,0
BRDA:498,23,0,0
BRDA:500,24,0,0
BRDA:500,24,1,0
BRDA:500,25,0,0
BRDA:500,25,1,0
BRDA:572,26,0,0
BRDA:572,26,1,0
BRDA:572,26,2,0
BRDA:572,26,3,0
BRDA:597,27,0,0
BRDA:597,28,0,0
BRDA:597,28,1,0
BRDA:604,29,0,0
BRDA:604,29,1,0
BRDA:607,30,0,0
BRDA:607,30,1,0
BRDA:610,31,0,0
BRDA:610,31,1,0
BRDA:613,32,0,0
BRDA:613,32,1,0
BRDA:626,33,0,0
BRDA:626,33,1,0
BRDA:639,34,0,0
BRDA:662,35,0,0
BRDA:662,35,1,0
BRDA:678,36,0,0
BRDA:678,36,1,0
BRDA:717,37,0,0
BRDA:717,37,1,0
BRDA:722,38,0,0
BRDA:738,39,0,0
BRDA:738,39,1,0
BRDA:739,40,0,0
BRDA:739,40,1,0
BRDA:756,41,0,0
BRDA:756,41,1,0
BRDA:758,42,0,0
BRDA:775,43,0,0
BRDA:775,43,1,0
BRDA:799,44,0,0
BRDA:840,45,0,0
BRDA:840,45,1,0
BRDA:840,45,2,0
BRDA:840,45,3,0
BRDA:840,45,4,0
BRDA:855,46,0,0
BRDA:855,46,1,0
BRDA:855,46,2,0
BRDA:855,46,3,0
BRDA:855,46,4,0
BRDA:855,46,5,0
BRDA:855,46,6,0
BRDA:884,47,0,0
BRDA:884,47,1,0
BRDA:886,48,0,0
BRDA:897,49,0,0
BRDA:911,50,0,0
BRDA:916,51,0,0
BRDA:921,52,0,0
BRDA:921,52,1,0
BRDA:924,53,0,0
BRDA:933,54,0,0
BRDA:933,54,1,0
BRDA:941,55,0,0
BRDA:947,56,0,0
BRDA:948,57,0,0
BRDA:955,58,0,0
BRDA:955,58,1,0
BRDA:955,58,2,0
BRDA:955,58,3,0
BRDA:968,59,0,0
BRF:115
BRH:0
end_of_record
TN:
SF:src/utils/alarmTimerManager.ts
FN:27,(anonymous_0)
FN:29,(anonymous_1)
FN:39,(anonymous_2)
FN:107,(anonymous_3)
FN:110,(anonymous_4)
FN:130,(anonymous_5)
FN:162,(anonymous_6)
FN:188,(anonymous_7)
FN:208,(anonymous_8)
FN:228,(anonymous_9)
FN:236,(anonymous_10)
FN:242,(anonymous_11)
FN:248,(anonymous_12)
FN:256,(anonymous_13)
FN:264,(anonymous_14)
FN:278,(anonymous_15)
FN:304,(anonymous_16)
FN:372,(anonymous_17)
FN:400,(anonymous_18)
FN:453,(anonymous_19)
FN:508,(anonymous_20)
FN:570,(anonymous_21)
FN:598,(anonymous_22)
FNF:23
FNH:0
FNDA:0,(anonymous_0)
FNDA:0,(anonymous_1)
FNDA:0,(anonymous_2)
FNDA:0,(anonymous_3)
FNDA:0,(anonymous_4)
FNDA:0,(anonymous_5)
FNDA:0,(anonymous_6)
FNDA:0,(anonymous_7)
FNDA:0,(anonymous_8)
FNDA:0,(anonymous_9)
FNDA:0,(anonymous_10)
FNDA:0,(anonymous_11)
FNDA:0,(anonymous_12)
FNDA:0,(anonymous_13)
FNDA:0,(anonymous_14)
FNDA:0,(anonymous_15)
FNDA:0,(anonymous_16)
FNDA:0,(anonymous_17)
FNDA:0,(anonymous_18)
FNDA:0,(anonymous_19)
FNDA:0,(anonymous_20)
FNDA:0,(anonymous_21)
FNDA:0,(anonymous_22)
DA:4,0
DA:13,0
DA:14,0
DA:16,0
DA:29,0
DA:30,0
DA:33,0
DA:43,0
DA:44,0
DA:49,0
DA:51,0
DA:52,0
DA:55,0
DA:56,0
DA:59,0
DA:60,0
DA:64,0
DA:69,0
DA:77,0
DA:79,0
DA:86,0
DA:92,0
DA:93,0
DA:108,0
DA:110,0
DA:111,0
DA:115,0
DA:123,0
DA:124,0
DA:131,0
DA:132,0
DA:134,0
DA:136,0
DA:137,0
DA:138,0
DA:142,0
DA:143,0
DA:145,0
DA:146,0
DA:151,0
DA:152,0
DA:166,0
DA:167,0
DA:170,0
DA:171,0
DA:172,0
DA:177,0
DA:178,0
DA:189,0
DA:190,0
DA:192,0
DA:193,0
DA:196,0
DA:197,0
DA:198,0
DA:200,0
DA:201,0
DA:209,0
DA:211,0
DA:212,0
DA:215,0
DA:216,0
DA:218,0
DA:219,0
DA:221,0
DA:229,0
DA:230,0
DA:242,0
DA:249,0
DA:250,0
DA:257,0
DA:258,0
DA:266,0
DA:267,0
DA:271,0
DA:272,0
DA:281,0
DA:282,0
DA:285,0
DA:286,0
DA:287,0
DA:288,0
DA:291,0
DA:292,0
DA:294,0
DA:305,0
DA:306,0
DA:308,0
DA:309,0
DA:310,0
DA:311,0
DA:315,0
DA:318,0
DA:319,0
DA:320,0
DA:321,0
DA:322,0
DA:323,0
DA:325,0
DA:329,0
DA:342,0
DA:348,0
DA:350,0
DA:354,0
DA:358,0
DA:373,0
DA:374,0
DA:376,0
DA:377,0
DA:379,0
DA:385,0
DA:386,0
DA:401,0
DA:402,0
DA:403,0
DA:404,0
DA:405,0
DA:408,0
DA:409,0
DA:410,0
DA:414,0
DA:415,0
DA:419,0
DA:422,0
DA:424,0
DA:426,0
DA:429,0
DA:435,0
DA:437,0
DA:438,0
DA:446,0
DA:454,0
DA:455,0
DA:457,0
DA:458,0
DA:459,0
DA:462,0
DA:463,0
DA:464,0
DA:468,0
DA:470,0
DA:472,0
DA:474,0
DA:477,0
DA:482,0
DA:485,0
DA:488,0
DA:489,0
DA:492,0
DA:493,0
DA:501,0
DA:517,0
DA:519,0
DA:520,0
DA:522,0
DA:544,0
DA:551,0
DA:552,0
DA:553,0
DA:554,0
DA:557,0
DA:564,0
DA:571,0
DA:572,0
DA:575,0
DA:576,0
DA:577,0
DA:582,0
DA:583,0
DA:585,0
DA:586,0
DA:588,0
DA:589,0
DA:603,0
DA:604,0
DA:610,0
DA:616,0
LF:177
LH:0
BRDA:41,0,0,0
BRDA:55,1,0,0
BRDA:98,2,0,0
BRDA:98,2,1,0
BRDA:134,3,0,0
BRDA:136,4,0,0
BRDA:136,5,0,0
BRDA:136,5,1,0
BRDA:154,6,0,0
BRDA:154,6,1,0
BRDA:164,7,0,0
BRDA:180,8,0,0
BRDA:180,8,1,0
BRDA:192,9,0,0
BRDA:192,10,0,0
BRDA:192,10,1,0
BRDA:211,11,0,0
BRDA:218,12,0,0
BRDA:218,12,1,0
BRDA:230,13,0,0
BRDA:230,13,1,0
BRDA:286,14,0,0
BRDA:291,15,0,0
BRDA:291,15,1,0
BRDA:309,16,0,0
BRDA:318,17,0,0
BRDA:318,17,1,0
BRDA:319,18,0,0
BRDA:319,18,1,0
BRDA:335,19,0,0
BRDA:335,19,1,0
BRDA:363,20,0,0
BRDA:363,20,1,0
BRDA:391,21,0,0
BRDA:391,21,1,0
BRDA:403,22,0,0
BRDA:408,23,0,0
BRDA:414,24,0,0
BRDA:414,25,0,0
BRDA:414,25,1,0
BRDA:443,26,0,0
BRDA:443,26,1,0
BRDA:457,27,0,0
BRDA:462,28,0,0
BRDA:468,29,0,0
BRDA:468,29,1,0
BRDA:470,30,0,0
BRDA:470,30,1,0
BRDA:498,31,0,0
BRDA:498,31,1,0
BRDA:524,32,0,0
BRDA:524,32,1,0
BRDA:546,33,0,0
BRDA:546,33,1,0
BRDA:551,34,0,0
BRDA:576,35,0,0
BRDA:576,36,0,0
BRDA:576,36,1,0
BRDA:590,37,0,0
BRDA:590,37,1,0
BRF:60
BRH:0
end_of_record
TN:
SF:src/utils/persistentAlarmManager.ts
FN:35,(anonymous_0)
FN:37,(anonymous_1)
FN:48,(anonymous_2)
FN:82,(anonymous_3)
FN:128,(anonymous_4)
FN:132,(anonymous_5)
FN:153,(anonymous_6)
FN:183,(anonymous_7)
FN:186,(anonymous_8)
FN:198,(anonymous_9)
FN:220,(anonymous_10)
FN:265,(anonymous_11)
FN:290,(anonymous_12)
FN:323,(anonymous_13)
FN:414,(anonymous_14)
FN:457,(anonymous_15)
FN:483,(anonymous_16)
FN:489,(anonymous_17)
FN:682,(anonymous_18)
FN:711,(anonymous_19)
FN:732,(anonymous_20)
FN:740,(anonymous_21)
FN:748,(anonymous_22)
FN:796,(anonymous_23)
FN:804,(anonymous_24)
FN:811,(anonymous_25)
FN:817,(anonymous_26)
FN:831,(anonymous_27)
FN:866,(anonymous_28)
FN:895,(anonymous_29)
FN:904,(anonymous_30)
FN:943,(anonymous_31)
FNF:32
FNH:21
FNDA:21,(anonymous_0)
FNDA:0,(anonymous_1)
FNDA:21,(anonymous_2)
FNDA:21,(anonymous_3)
FNDA:21,(anonymous_4)
FNDA:0,(anonymous_5)
FNDA:0,(anonymous_6)
FNDA:21,(anonymous_7)
FNDA:0,(anonymous_8)
FNDA:21,(anonymous_9)
FNDA:0,(anonymous_10)
FNDA:1,(anonymous_11)
FNDA:28,(anonymous_12)
FNDA:28,(anonymous_13)
FNDA:43,(anonymous_14)
FNDA:0,(anonymous_15)
FNDA:0,(anonymous_16)
FNDA:0,(anonymous_17)
FNDA:0,(anonymous_18)
FNDA:0,(anonymous_19)
FNDA:2,(anonymous_20)
FNDA:1,(anonymous_21)
FNDA:8,(anonymous_22)
FNDA:6,(anonymous_23)
FNDA:3,(anonymous_24)
FNDA:0,(anonymous_25)
FNDA:2,(anonymous_26)
FNDA:2,(anonymous_27)
FNDA:2,(anonymous_28)
FNDA:1,(anonymous_29)
FNDA:1,(anonymous_30)
FNDA:114,(anonymous_31)
DA:4,2
DA:24,2
DA:25,21
DA:27,21
DA:30,21
DA:33,21
DA:37,21
DA:38,0
DA:41,21
DA:42,21
DA:49,21
DA:50,21
DA:53,21
DA:56,21
DA:59,21
DA:62,21
DA:64,21
DA:66,21
DA:68,0
DA:69,0
DA:83,21
DA:84,21
DA:85,20
DA:87,19
DA:93,19
DA:94,0
DA:95,0
DA:98,0
DA:99,0
DA:101,0
DA:102,0
DA:105,0
DA:107,0
DA:110,0
DA:114,19
DA:118,2
DA:119,2
DA:129,21
DA:130,21
DA:131,20
DA:132,0
DA:135,20
DA:138,20
DA:139,0
DA:140,0
DA:141,0
DA:142,0
DA:143,0
DA:144,0
DA:150,20
DA:151,0
DA:152,0
DA:153,0
DA:155,0
DA:156,0
DA:157,0
DA:158,0
DA:159,0
DA:162,0
DA:168,20
DA:173,1
DA:174,1
DA:185,21
DA:187,0
DA:192,21
DA:199,21
DA:202,21
DA:207,20
DA:208,20
DA:210,1
DA:211,1
DA:221,0
DA:222,0
DA:225,0
DA:226,0
DA:227,0
DA:229,0
DA:230,0
DA:231,0
DA:232,0
DA:233,0
DA:234,0
DA:235,0
DA:241,0
DA:244,0
DA:246,0
DA:250,0
DA:255,0
DA:256,0
DA:266,1
DA:267,1
DA:269,1
DA:270,0
DA:273,1
DA:274,1
DA:280,0
DA:281,0
DA:294,28
DA:297,28
DA:299,28
DA:304,27
DA:305,27
DA:306,0
DA:309,0
DA:311,27
DA:312,27
DA:315,1
DA:316,1
DA:327,28
DA:328,28
DA:333,28
DA:335,28
DA:336,28
DA:337,28
DA:340,28
DA:341,28
DA:352,28
DA:357,28
DA:360,28
DA:362,28
DA:363,28
DA:367,28
DA:368,28
DA:369,28
DA:374,28
DA:378,0
DA:380,0
DA:388,0
DA:396,0
DA:400,0
DA:415,43
DA:416,43
DA:418,43
DA:420,1
DA:421,1
DA:422,1
DA:426,1
DA:429,1
DA:431,1
DA:432,1
DA:439,0
DA:443,0
DA:458,0
DA:461,0
DA:462,0
DA:465,0
DA:468,0
DA:470,0
DA:471,0
DA:475,0
DA:476,0
DA:477,0
DA:478,0
DA:482,0
DA:483,0
DA:485,0
DA:488,0
DA:489,0
DA:491,0
DA:496,0
DA:497,0
DA:499,0
DA:501,0
DA:506,0
DA:507,0
DA:511,0
DA:514,0
DA:515,0
DA:516,0
DA:517,0
DA:520,0
DA:521,0
DA:526,0
DA:532,0
DA:538,0
DA:539,0
DA:544,0
DA:555,0
DA:557,0
DA:558,0
DA:559,0
DA:561,0
DA:566,0
DA:567,0
DA:569,0
DA:570,0
DA:571,0
DA:572,0
DA:573,0
DA:575,0
DA:584,0
DA:589,0
DA:590,0
DA:591,0
DA:593,0
DA:594,0
DA:595,0
DA:596,0
DA:597,0
DA:599,0
DA:604,0
DA:605,0
DA:606,0
DA:610,0
DA:614,0
DA:615,0
DA:616,0
DA:621,0
DA:623,0
DA:624,0
DA:628,0
DA:634,0
DA:638,0
DA:648,0
DA:649,0
DA:650,0
DA:651,0
DA:656,0
DA:657,0
DA:658,0
DA:660,0
DA:661,0
DA:663,0
DA:666,0
DA:674,0
DA:675,0
DA:685,0
DA:686,0
DA:691,0
DA:692,0
DA:694,0
DA:697,0
DA:701,0
DA:702,0
DA:703,0
DA:704,0
DA:707,0
DA:711,0
DA:712,0
DA:718,0
DA:722,0
DA:733,2
DA:734,2
DA:741,1
DA:742,1
DA:758,8
DA:760,8
DA:761,8
DA:769,0
DA:770,0
DA:772,0
DA:773,0
DA:775,0
DA:781,0
DA:797,6
DA:798,6
DA:811,3
DA:821,2
DA:824,2
DA:825,2
DA:832,2
DA:833,2
DA:834,2
DA:835,2
DA:839,0
DA:840,0
DA:844,0
DA:845,0
DA:846,0
DA:848,0
DA:850,0
DA:853,0
DA:855,0
DA:859,0
DA:867,2
DA:868,2
DA:869,2
DA:870,2
DA:873,0
DA:875,0
DA:876,0
DA:877,0
DA:878,0
DA:880,0
DA:881,0
DA:884,0
DA:888,0
DA:896,1
DA:897,1
DA:898,1
DA:905,1
DA:906,1
DA:909,1
DA:910,0
DA:914,1
DA:915,0
DA:916,0
DA:921,1
DA:924,1
DA:925,1
DA:928,1
DA:930,0
DA:931,0
DA:933,1
DA:934,1
DA:948,114
DA:949,114
DA:955,0
DA:961,2
LF:309
LH:120
BRDA:73,0,0,0
BRDA:73,0,1,0
BRDA:85,1,0,20
BRDA:85,1,1,19
BRDA:99,2,0,0
BRDA:99,2,1,0
BRDA:99,3,0,0
BRDA:99,3,1,0
BRDA:105,4,0,0
BRDA:105,5,0,0
BRDA:105,5,1,0
BRDA:120,6,0,2
BRDA:120,6,1,0
BRDA:132,7,0,0
BRDA:132,7,1,0
BRDA:140,8,0,0
BRDA:141,9,0,0
BRDA:141,9,1,0
BRDA:142,10,0,0
BRDA:151,11,0,0
BRDA:151,12,0,0
BRDA:151,12,1,0
BRDA:155,13,0,0
BRDA:158,14,0,0
BRDA:158,14,1,0
BRDA:175,15,0,1
BRDA:175,15,1,0
BRDA:212,16,0,1
BRDA:212,16,1,0
BRDA:230,17,0,0
BRDA:232,18,0,0
BRDA:257,19,0,0
BRDA:257,19,1,0
BRDA:282,20,0,0
BRDA:282,20,1,0
BRDA:305,21,0,0
BRDA:305,21,1,27
BRDA:325,22,0,18
BRDA:348,23,0,28
BRDA:348,23,1,28
BRDA:352,24,0,0
BRDA:362,25,0,28
BRDA:405,26,0,0
BRDA:405,26,1,0
BRDA:418,27,0,1
BRDA:420,28,0,1
BRDA:420,29,0,1
BRDA:420,29,1,1
BRDA:448,30,0,0
BRDA:448,30,1,0
BRDA:461,31,0,0
BRDA:476,32,0,0
BRDA:499,33,0,0
BRDA:514,34,0,0
BRDA:514,34,1,0
BRDA:515,35,0,0
BRDA:515,35,1,0
BRDA:538,36,0,0
BRDA:538,36,1,0
BRDA:540,37,0,0
BRDA:540,37,1,0
BRDA:555,38,0,0
BRDA:558,39,0,0
BRDA:558,39,1,0
BRDA:643,40,0,0
BRDA:643,40,1,0
BRDA:650,41,0,0
BRDA:658,42,0,0
BRDA:658,42,1,0
BRDA:691,43,0,0
BRDA:702,44,0,0
BRDA:707,45,0,0
BRDA:707,45,1,0
BRDA:760,46,0,8
BRDA:775,47,0,0
BRDA:775,47,1,0
BRDA:777,48,0,0
BRDA:777,48,1,0
BRDA:798,49,0,0
BRDA:798,49,1,6
BRDA:819,50,0,1
BRDA:834,51,0,2
BRDA:834,52,0,2
BRDA:834,52,1,0
BRDA:839,53,0,0
BRDA:839,54,0,0
BRDA:839,54,1,0
BRDA:869,55,0,2
BRDA:869,56,0,2
BRDA:869,56,1,0
BRDA:870,57,0,2
BRDA:870,57,1,2
BRDA:873,58,0,0
BRDA:873,58,1,0
BRDA:875,59,0,0
BRDA:875,59,1,0
BRDA:909,60,0,0
BRDA:915,61,0,0
BRDA:915,62,0,0
BRDA:915,62,1,0
BRDA:935,63,0,1
BRDA:935,63,1,0
BRF:102
BRH:24
end_of_record
TN:
SF:src/utils/storage.ts
FN:28,saveSettings
FN:71,getSettings
FN:116,saveInterval
FN:129,getInterval
FN:137,saveGlobalPauseState
FN:144,getGlobalPauseState
FN:156,saveManagedTabs
FN:172,getManagedTabs
FN:189,addLogEntry
FN:213,getLogs
FN:226,clearLogs
FN:244,validateSettings
FN:271,isValidInterval
FN:278,isValidMaxTabs
FN:285,isValidRefreshInterval
FN:296,initializeStorage
FNF:16
FNH:16
FNDA:19,saveSettings
FNDA:35,getSettings
FNDA:14,saveInterval
FNDA:1,getInterval
FNDA:5,saveGlobalPauseState
FNDA:3,getGlobalPauseState
FNDA:4,saveManagedTabs
FNDA:4,getManagedTabs
FNDA:121,addLogEntry
FNDA:124,getLogs
FNDA:2,clearLogs
FNDA:30,validateSettings
FNDA:44,isValidInterval
FNDA:30,isValidMaxTabs
FNDA:30,isValidRefreshInterval
FNDA:3,initializeStorage
DA:4,3
DA:15,3
DA:28,3
DA:31,19
DA:32,19
DA:34,19
DA:35,19
DA:40,19
DA:41,19
DA:44,19
DA:45,19
DA:50,19
DA:54,18
DA:57,18
DA:58,18
DA:63,1
DA:64,1
DA:71,3
DA:72,35
DA:73,35
DA:74,35
DA:75,30
DA:77,30
DA:78,30
DA:81,30
DA:82,30
DA:87,30
DA:91,30
DA:94,30
DA:95,30
DA:97,30
DA:98,30
DA:103,30
DA:105,5
DA:107,5
DA:108,5
DA:109,5
DA:116,3
DA:117,14
DA:118,6
DA:123,8
DA:129,3
DA:130,1
DA:131,1
DA:137,3
DA:138,5
DA:144,3
DA:145,3
DA:146,3
DA:156,3
DA:157,4
DA:158,4
DA:162,3
DA:164,1
DA:165,1
DA:172,3
DA:173,4
DA:174,4
DA:175,3
DA:177,1
DA:178,1
DA:189,3
DA:192,121
DA:193,121
DA:194,121
DA:200,121
DA:202,121
DA:206,5
DA:213,3
DA:214,124
DA:215,124
DA:216,121
DA:218,3
DA:219,3
DA:226,3
DA:227,2
DA:228,2
DA:232,1
DA:233,1
DA:245,30
DA:265,30
DA:272,44
DA:279,30
DA:286,30
DA:296,3
DA:297,3
DA:298,3
DA:299,3
DA:301,0
LF:89
LH:88
BRDA:117,0,0,6
BRDA:175,1,0,3
BRDA:175,1,1,2
BRDA:216,2,0,121
BRDA:216,2,1,118
BRDA:246,3,0,30
BRDA:246,3,1,0
BRDA:249,4,0,29
BRDA:249,4,1,1
BRDA:253,5,0,29
BRDA:253,5,1,1
BRDA:257,6,0,29
BRDA:257,6,1,1
BRDA:260,7,0,29
BRDA:260,7,1,1
BRDA:272,8,0,44
BRDA:272,8,1,41
BRDA:272,8,2,39
BRDA:279,9,0,30
BRDA:279,9,1,30
BRDA:279,9,2,29
BRDA:287,10,0,30
BRDA:287,10,1,30
BRDA:287,10,2,30
BRF:24
BRH:23
end_of_record
TN:
SF:src/utils/tabManager.ts
FN:14,initializeTabManager
FN:52,findResumeTabs
FN:103,(anonymous_2)
FN:108,(anonymous_3)
FN:156,updateTabList
FN:160,(anonymous_5)
FN:161,(anonymous_6)
FN:164,(anonymous_7)
FN:173,(anonymous_8)
FN:215,onTabUpdated
FN:221,(anonymous_10)
FN:266,onTabRemoved
FN:282,removeTab
FN:283,(anonymous_13)
FN:306,getManagedTabsSync
FN:313,getManagedTab
FN:314,(anonymous_16)
FN:320,updateTabState
FN:324,(anonymous_18)
FN:343,onWindowFocusChanged
FN:373,setupEventListeners
FN:400,cleanupInvalidTabs
FN:410,(anonymous_22)
FN:419,(anonymous_23)
FN:420,(anonymous_24)
FN:434,(anonymous_25)
FN:447,(anonymous_26)
FN:454,(anonymous_27)
FN:462,isResumeUrl
FN:488,getTabManagerStatus
FNF:30
FNH:19
FNDA:17,initializeTabManager
FNDA:33,findResumeTabs
FNDA:33,(anonymous_2)
FNDA:31,(anonymous_3)
FNDA:19,updateTabList
FNDA:12,(anonymous_5)
FNDA:12,(anonymous_6)
FNDA:12,(anonymous_7)
FNDA:1,(anonymous_8)
FNDA:2,onTabUpdated
FNDA:0,(anonymous_10)
FNDA:2,onTabRemoved
FNDA:11,removeTab
FNDA:0,(anonymous_13)
FNDA:8,getManagedTabsSync
FNDA:8,getManagedTab
FNDA:0,(anonymous_16)
FNDA:43,updateTabState
FNDA:0,(anonymous_18)
FNDA:0,onWindowFocusChanged
FNDA:2,setupEventListeners
FNDA:2,cleanupInvalidTabs
FNDA:0,(anonymous_22)
FNDA:0,(anonymous_23)
FNDA:0,(anonymous_24)
FNDA:0,(anonymous_25)
FNDA:0,(anonymous_26)
FNDA:0,(anonymous_27)
FNDA:28,isResumeUrl
FNDA:1,getTabManagerStatus
DA:4,2
DA:5,2
DA:8,2
DA:9,2
DA:14,2
DA:15,17
DA:16,15
DA:19,2
DA:21,2
DA:24,2
DA:27,2
DA:30,2
DA:32,1
DA:34,1
DA:39,1
DA:41,1
DA:42,1
DA:52,2
DA:53,33
DA:54,33
DA:57,33
DA:60,33
DA:61,33
DA:62,31
DA:66,4
DA:70,33
DA:71,7
DA:72,7
DA:73,5
DA:77,2
DA:82,31
DA:83,7
DA:84,7
DA:85,6
DA:87,6
DA:88,6
DA:89,0
DA:90,0
DA:93,6
DA:97,1
DA:102,31
DA:103,31
DA:104,33
DA:108,29
DA:109,31
DA:112,27
DA:113,27
DA:115,27
DA:116,20
DA:119,7
DA:120,1
DA:125,6
DA:126,1
DA:130,27
DA:133,29
DA:136,29
DA:138,29
DA:139,1
DA:142,29
DA:144,4
DA:145,4
DA:149,4
DA:156,2
DA:157,19
DA:158,19
DA:159,19
DA:160,12
DA:161,12
DA:164,19
DA:165,12
DA:169,19
DA:170,12
DA:172,12
DA:173,1
DA:176,12
DA:177,12
DA:185,12
DA:187,12
DA:194,0
DA:195,0
DA:200,19
DA:202,5
DA:204,14
DA:205,14
DA:215,2
DA:220,2
DA:221,2
DA:223,2
DA:225,2
DA:226,1
DA:228,2
DA:232,0
DA:233,0
DA:234,0
DA:235,0
DA:242,0
DA:243,0
DA:247,0
DA:248,0
DA:252,0
DA:254,0
DA:255,0
DA:266,2
DA:267,2
DA:268,2
DA:270,0
DA:271,0
DA:282,2
DA:283,11
DA:285,11
DA:286,0
DA:287,0
DA:288,0
DA:290,0
DA:292,0
DA:298,0
DA:306,2
DA:307,8
DA:313,2
DA:314,8
DA:320,2
DA:324,43
DA:326,43
DA:327,0
DA:328,0
DA:330,0
DA:332,0
DA:344,0
DA:345,0
DA:347,0
DA:350,0
DA:353,0
DA:355,0
DA:361,0
DA:362,0
DA:375,2
DA:376,0
DA:378,2
DA:379,0
DA:381,2
DA:382,0
DA:386,1
DA:389,1
DA:392,1
DA:394,1
DA:401,2
DA:403,2
DA:405,2
DA:410,2
DA:411,0
DA:412,0
DA:413,0
DA:414,0
DA:417,1
DA:419,0
DA:420,0
DA:422,1
DA:426,1
DA:427,1
DA:431,1
DA:432,1
DA:434,1
DA:435,0
DA:436,0
DA:437,0
DA:439,0
DA:442,1
DA:443,0
DA:444,0
DA:447,0
DA:448,0
DA:451,0
DA:454,0
DA:463,28
DA:464,0
DA:465,0
DA:468,28
DA:469,28
DA:470,28
DA:471,28
DA:473,28
DA:475,28
DA:476,23
DA:477,23
DA:478,23
DA:479,23
DA:482,28
DA:488,2
DA:493,1
LF:189
LH:133
BRDA:15,0,0,15
BRDA:70,1,0,7
BRDA:82,2,0,7
BRDA:89,3,0,0
BRDA:109,4,0,4
BRDA:109,5,0,31
BRDA:109,5,1,27
BRDA:112,6,0,27
BRDA:112,6,1,26
BRDA:115,7,0,20
BRDA:115,7,1,7
BRDA:115,8,0,27
BRDA:115,8,1,21
BRDA:119,9,0,1
BRDA:119,9,1,6
BRDA:119,10,0,7
BRDA:119,10,1,1
BRDA:125,11,0,1
BRDA:125,12,0,6
BRDA:125,12,1,5
BRDA:130,13,0,27
BRDA:130,13,1,21
BRDA:138,14,0,1
BRDA:170,15,0,0
BRDA:170,16,0,12
BRDA:170,16,1,12
BRDA:176,17,0,12
BRDA:176,17,1,0
BRDA:180,18,0,12
BRDA:180,18,1,0
BRDA:195,19,0,0
BRDA:195,19,1,0
BRDA:223,20,0,2
BRDA:225,21,0,1
BRDA:225,22,0,2
BRDA:225,22,1,1
BRDA:232,23,0,0
BRDA:233,24,0,0
BRDA:233,24,1,0
BRDA:247,25,0,0
BRDA:285,26,0,0
BRDA:287,27,0,0
BRDA:326,28,0,0
BRDA:345,29,0,0
BRDA:375,30,0,0
BRDA:378,31,0,0
BRDA:381,32,0,0
BRDA:411,33,0,0
BRDA:411,34,0,0
BRDA:411,34,1,0
BRDA:412,35,0,0
BRDA:412,35,1,0
BRDA:414,36,0,0
BRDA:414,36,1,0
BRDA:436,37,0,0
BRDA:442,38,0,0
BRDA:463,39,0,0
BRDA:473,40,0,28
BRDA:473,40,1,8
BRDA:473,40,2,22
BRDA:473,40,3,0
BRDA:475,41,0,23
BRDA:475,42,0,28
BRDA:475,42,1,7
BRF:64
BRH:36
end_of_record
TN:
SF:src/utils/timerManager.ts
FN:23,(anonymous_0)
FN:32,(anonymous_1)
FN:56,(anonymous_2)
FN:86,(anonymous_3)
FN:114,(anonymous_4)
FN:137,(anonymous_5)
FN:156,(anonymous_6)
FN:176,(anonymous_7)
FN:184,(anonymous_8)
FN:185,(anonymous_9)
FN:191,(anonymous_10)
FN:199,(anonymous_11)
FN:207,(anonymous_12)
FN:223,(anonymous_13)
FN:286,(anonymous_14)
FN:308,(anonymous_15)
FN:359,(anonymous_16)
FN:386,(anonymous_17)
FN:422,(anonymous_18)
FN:481,(anonymous_19)
FN:508,(anonymous_20)
FNF:21
FNH:0
FNDA:0,(anonymous_0)
FNDA:0,(anonymous_1)
FNDA:0,(anonymous_2)
FNDA:0,(anonymous_3)
FNDA:0,(anonymous_4)
FNDA:0,(anonymous_5)
FNDA:0,(anonymous_6)
FNDA:0,(anonymous_7)
FNDA:0,(anonymous_8)
FNDA:0,(anonymous_9)
FNDA:0,(anonymous_10)
FNDA:0,(anonymous_11)
FNDA:0,(anonymous_12)
FNDA:0,(anonymous_13)
FNDA:0,(anonymous_14)
FNDA:0,(anonymous_15)
FNDA:0,(anonymous_16)
FNDA:0,(anonymous_17)
FNDA:0,(anonymous_18)
FNDA:0,(anonymous_19)
FNDA:0,(anonymous_20)
DA:4,0
DA:23,0
DA:24,0
DA:25,0
DA:26,0
DA:27,0
DA:33,0
DA:34,0
DA:39,0
DA:41,0
DA:42,0
DA:44,0
DA:53,0
DA:56,0
DA:57,0
DA:60,0
DA:62,0
DA:69,0
DA:75,0
DA:76,0
DA:87,0
DA:88,0
DA:89,0
DA:91,0
DA:92,0
DA:93,0
DA:96,0
DA:97,0
DA:98,0
DA:99,0
DA:100,0
DA:103,0
DA:104,0
DA:115,0
DA:116,0
DA:119,0
DA:120,0
DA:121,0
DA:126,0
DA:127,0
DA:138,0
DA:139,0
DA:141,0
DA:142,0
DA:145,0
DA:146,0
DA:148,0
DA:149,0
DA:157,0
DA:159,0
DA:160,0
DA:163,0
DA:164,0
DA:166,0
DA:167,0
DA:169,0
DA:177,0
DA:178,0
DA:185,0
DA:192,0
DA:193,0
DA:200,0
DA:201,0
DA:209,0
DA:210,0
DA:214,0
DA:215,0
DA:224,0
DA:225,0
DA:227,0
DA:228,0
DA:229,0
DA:233,0
DA:236,0
DA:237,0
DA:238,0
DA:239,0
DA:240,0
DA:241,0
DA:243,0
DA:247,0
DA:257,0
DA:263,0
DA:264,0
DA:266,0
DA:268,0
DA:272,0
DA:287,0
DA:288,0
DA:290,0
DA:291,0
DA:293,0
DA:297,0
DA:298,0
DA:309,0
DA:310,0
DA:311,0
DA:312,0
DA:313,0
DA:316,0
DA:317,0
DA:318,0
DA:321,0
DA:322,0
DA:323,0
DA:324,0
DA:328,0
DA:329,0
DA:332,0
DA:334,0
DA:336,0
DA:339,0
DA:345,0
DA:347,0
DA:348,0
DA:352,0
DA:360,0
DA:361,0
DA:363,0
DA:364,0
DA:365,0
DA:368,0
DA:369,0
DA:370,0
DA:374,0
DA:375,0
DA:379,0
DA:381,0
DA:382,0
DA:384,0
DA:386,0
DA:387,0
DA:390,0
DA:392,0
DA:395,0
DA:400,0
DA:403,0
DA:406,0
DA:407,0
DA:410,0
DA:411,0
DA:415,0
DA:430,0
DA:432,0
DA:433,0
DA:435,0
DA:456,0
DA:463,0
DA:464,0
DA:465,0
DA:468,0
DA:475,0
DA:482,0
DA:483,0
DA:486,0
DA:487,0
DA:491,0
DA:492,0
DA:493,0
DA:495,0
DA:496,0
DA:498,0
DA:499,0
DA:513,0
DA:514,0
DA:520,0
DA:526,0
LF:167
LH:0
BRDA:32,0,0,0
BRDA:78,1,0,0
BRDA:78,1,1,0
BRDA:91,2,0,0
BRDA:96,3,0,0
BRDA:106,4,0,0
BRDA:106,4,1,0
BRDA:114,5,0,0
BRDA:129,6,0,0
BRDA:129,6,1,0
BRDA:141,7,0,0
BRDA:141,8,0,0
BRDA:141,8,1,0
BRDA:159,9,0,0
BRDA:166,10,0,0
BRDA:166,10,1,0
BRDA:178,11,0,0
BRDA:178,11,1,0
BRDA:228,12,0,0
BRDA:236,13,0,0
BRDA:236,13,1,0
BRDA:237,14,0,0
BRDA:237,14,1,0
BRDA:250,15,0,0
BRDA:250,15,1,0
BRDA:277,16,0,0
BRDA:277,16,1,0
BRDA:300,17,0,0
BRDA:300,17,1,0
BRDA:311,18,0,0
BRDA:316,19,0,0
BRDA:322,20,0,0
BRDA:350,21,0,0
BRDA:350,21,1,0
BRDA:363,22,0,0
BRDA:368,23,0,0
BRDA:379,24,0,0
BRDA:379,24,1,0
BRDA:381,25,0,0
BRDA:381,25,1,0
BRDA:413,26,0,0
BRDA:413,26,1,0
BRDA:437,27,0,0
BRDA:437,27,1,0
BRDA:458,28,0,0
BRDA:458,28,1,0
BRDA:463,29,0,0
BRDA:500,30,0,0
BRDA:500,30,1,0
BRF:49
BRH:0
end_of_record
TN:
SF:src/utils/types.ts
FN:5,(anonymous_0)
FN:121,toExtensionSettings
FN:128,fromExtensionSettings
FNF:3
FNH:3
FNDA:6,(anonymous_0)
FNDA:49,toExtensionSettings
FNDA:30,fromExtensionSettings
DA:5,6
DA:6,6
DA:7,6
DA:8,6
DA:9,6
DA:10,6
DA:11,6
DA:112,6
DA:121,6
DA:122,49
DA:128,6
DA:131,30
LF:12
LH:12
BRDA:5,0,0,6
BRDA:5,0,1,6
BRDA:133,1,0,30
BRDA:133,1,1,0
BRDA:133,1,2,0
BRF:5
BRH:3
end_of_record
