TN:
SF:src/background/serviceWorker.ts
FN:60,isValidResumeUrl
FN:76,sendMessageWithRetry
FN:120,(anonymous_11)
FN:156,(anonymous_12)
FN:162,(anonymous_13)
FN:181,(anonymous_14)
FN:191,(anonymous_15)
FN:197,(anonymous_16)
FN:226,(anonymous_17)
FN:230,(anonymous_18)
FN:294,(anonymous_19)
FN:310,(anonymous_20)
FN:315,(anonymous_21)
FN:329,(anonymous_22)
FN:339,(anonymous_23)
FN:344,(anonymous_24)
FN:350,(anonymous_25)
FN:362,(anonymous_26)
FN:373,(anonymous_27)
FN:389,(anonymous_28)
FN:401,(anonymous_29)
FN:419,(anonymous_30)
FN:433,(anonymous_31)
FN:452,(anonymous_32)
FN:461,(anonymous_33)
FN:479,(anonymous_34)
FN:489,(anonymous_35)
FN:508,(anonymous_36)
FN:518,(anonymous_37)
FN:526,(anonymous_38)
FN:534,(anonymous_39)
FN:567,(anonymous_40)
FN:587,(anonymous_41)
FN:618,(anonymous_42)
FN:626,(anonymous_43)
FN:627,(anonymous_44)
FN:628,(anonymous_45)
FN:629,(anonymous_46)
FN:632,(anonymous_47)
FN:634,(anonymous_48)
FN:635,(anonymous_49)
FN:667,(anonymous_50)
FN:700,(anonymous_51)
FN:740,(anonymous_52)
FN:777,(anonymous_53)
FN:806,(anonymous_54)
FN:821,(anonymous_55)
FN:849,(anonymous_56)
FN:875,(anonymous_57)
FN:912,(anonymous_58)
FN:922,addLogEntryOptimized
FN:927,(anonymous_60)
FN:952,initializeExtension
FN:983,(anonymous_62)
FN:1001,(anonymous_63)
FN:1068,discoverAndManageTabs
FN:1218,handleTimerExpiration
FN:1267,(anonymous_66)
FN:1275,(anonymous_67)
FN:1352,(anonymous_68)
FN:1541,(anonymous_69)
FN:1611,handleGetExtensionState
FN:1622,(anonymous_71)
FN:1630,(anonymous_72)
FN:1688,handleSetGlobalPause
FN:1697,(anonymous_74)
FN:1697,(anonymous_75)
FN:1756,handleSetTabPause
FN:1763,(anonymous_77)
FN:1806,handleSetInterval
FN:1812,(anonymous_79)
FN:1812,(anonymous_80)
FN:1847,handleSettingsUpdate
FN:1855,(anonymous_82)
FN:1855,(anonymous_83)
FN:1920,handleRefreshTabs
FN:1938,handleTabPauseToggle
FN:1949,(anonymous_86)
FN:1971,handleTabRemove
FN:1982,(anonymous_88)
FN:1994,(anonymous_89)
FN:1994,(anonymous_90)
FN:2018,handleRunSystemTests
FN:2048,handleEnableTestingMode
FN:2072,handleDisableTestingMode
FN:2096,handleGetTestResults
FN:2129,(anonymous_95)
FN:2144,(anonymous_96)
FN:2173,(anonymous_97)
FN:2183,(anonymous_98)
FN:2185,(anonymous_99)
FN:2215,(anonymous_100)
FNF:92
FNH:11
FNDA:0,isValidResumeUrl
FNDA:0,sendMessageWithRetry
FNDA:0,(anonymous_11)
FNDA:1,(anonymous_12)
FNDA:0,(anonymous_13)
FNDA:0,(anonymous_14)
FNDA:0,(anonymous_15)
FNDA:0,(anonymous_16)
FNDA:1,(anonymous_17)
FNDA:0,(anonymous_18)
FNDA:0,(anonymous_19)
FNDA:0,(anonymous_20)
FNDA:0,(anonymous_21)
FNDA:1,(anonymous_22)
FNDA:2,(anonymous_23)
FNDA:0,(anonymous_24)
FNDA:0,(anonymous_25)
FNDA:1,(anonymous_26)
FNDA:2,(anonymous_27)
FNDA:0,(anonymous_28)
FNDA:0,(anonymous_29)
FNDA:1,(anonymous_30)
FNDA:0,(anonymous_31)
FNDA:0,(anonymous_32)
FNDA:0,(anonymous_33)
FNDA:0,(anonymous_34)
FNDA:0,(anonymous_35)
FNDA:1,(anonymous_36)
FNDA:1,(anonymous_37)
FNDA:0,(anonymous_38)
FNDA:0,(anonymous_39)
FNDA:0,(anonymous_40)
FNDA:0,(anonymous_41)
FNDA:0,(anonymous_42)
FNDA:0,(anonymous_43)
FNDA:0,(anonymous_44)
FNDA:0,(anonymous_45)
FNDA:0,(anonymous_46)
FNDA:0,(anonymous_47)
FNDA:0,(anonymous_48)
FNDA:0,(anonymous_49)
FNDA:0,(anonymous_50)
FNDA:0,(anonymous_51)
FNDA:0,(anonymous_52)
FNDA:0,(anonymous_53)
FNDA:0,(anonymous_54)
FNDA:0,(anonymous_55)
FNDA:0,(anonymous_56)
FNDA:0,(anonymous_57)
FNDA:0,(anonymous_58)
FNDA:0,addLogEntryOptimized
FNDA:0,(anonymous_60)
FNDA:1,initializeExtension
FNDA:0,(anonymous_62)
FNDA:0,(anonymous_63)
FNDA:1,discoverAndManageTabs
FNDA:0,handleTimerExpiration
FNDA:0,(anonymous_66)
FNDA:0,(anonymous_67)
FNDA:0,(anonymous_68)
FNDA:0,(anonymous_69)
FNDA:0,handleGetExtensionState
FNDA:0,(anonymous_71)
FNDA:0,(anonymous_72)
FNDA:0,handleSetGlobalPause
FNDA:0,(anonymous_74)
FNDA:0,(anonymous_75)
FNDA:0,handleSetTabPause
FNDA:0,(anonymous_77)
FNDA:0,handleSetInterval
FNDA:0,(anonymous_79)
FNDA:0,(anonymous_80)
FNDA:0,handleSettingsUpdate
FNDA:0,(anonymous_82)
FNDA:0,(anonymous_83)
FNDA:0,handleRefreshTabs
FNDA:0,handleTabPauseToggle
FNDA:0,(anonymous_86)
FNDA:0,handleTabRemove
FNDA:0,(anonymous_88)
FNDA:0,(anonymous_89)
FNDA:0,(anonymous_90)
FNDA:0,handleRunSystemTests
FNDA:0,handleEnableTestingMode
FNDA:0,handleDisableTestingMode
FNDA:0,handleGetTestResults
FNDA:0,(anonymous_95)
FNDA:0,(anonymous_96)
FNDA:0,(anonymous_97)
FNDA:0,(anonymous_98)
FNDA:0,(anonymous_99)
FNDA:0,(anonymous_100)
DA:37,1
DA:38,1
DA:44,1
DA:45,1
DA:47,1
DA:50,1
DA:51,1
DA:54,1
DA:61,0
DA:62,0
DA:65,0
DA:66,0
DA:67,0
DA:68,0
DA:70,0
DA:82,0
DA:84,0
DA:85,0
DA:86,0
DA:92,0
DA:93,0
DA:94,0
DA:97,0
DA:101,0
DA:104,0
DA:106,0
DA:107,0
DA:113,0
DA:114,0
DA:118,0
DA:119,0
DA:120,0
DA:123,0
DA:124,0
DA:128,0
DA:132,0
DA:141,0
DA:145,0
DA:157,1
DA:158,1
DA:159,1
DA:160,1
DA:163,0
DA:164,0
DA:166,0
DA:167,0
DA:168,0
DA:169,0
DA:172,0
DA:173,0
DA:174,0
DA:178,0
DA:182,0
DA:183,0
DA:184,0
DA:186,0
DA:192,0
DA:193,0
DA:194,0
DA:202,0
DA:203,0
DA:204,0
DA:207,0
DA:212,0
DA:213,0
DA:216,0
DA:221,1
DA:227,1
DA:228,1
DA:231,0
DA:233,0
DA:234,0
DA:235,0
DA:238,0
DA:239,0
DA:243,0
DA:245,0
DA:246,0
DA:247,0
DA:248,0
DA:249,0
DA:253,0
DA:257,0
DA:262,0
DA:264,0
DA:265,0
DA:267,0
DA:271,0
DA:277,0
DA:279,0
DA:284,0
DA:290,0
DA:295,0
DA:296,0
DA:297,0
DA:298,0
DA:300,0
DA:306,0
DA:311,0
DA:312,0
DA:316,0
DA:324,1
DA:330,1
DA:332,1
DA:334,1
DA:344,2
DA:345,0
DA:346,0
DA:347,0
DA:350,0
DA:351,0
DA:352,0
DA:355,0
DA:363,1
DA:374,2
DA:375,2
DA:377,1
DA:378,1
DA:379,0
DA:380,0
DA:383,1
DA:390,0
DA:391,0
DA:392,0
DA:393,0
DA:406,0
DA:414,1
DA:420,1
DA:427,1
DA:428,1
DA:434,0
DA:436,0
DA:437,0
DA:438,0
DA:441,0
DA:444,0
DA:445,0
DA:449,0
DA:450,0
DA:452,0
DA:453,0
DA:462,0
DA:463,0
DA:465,0
DA:470,0
DA:471,0
DA:475,0
DA:476,0
DA:478,0
DA:479,0
DA:480,0
DA:482,0
DA:490,0
DA:491,0
DA:492,0
DA:495,0
DA:503,1
DA:509,1
DA:513,1
DA:519,1
DA:520,1
DA:527,0
DA:528,0
DA:538,0
DA:540,0
DA:541,0
DA:543,0
DA:544,0
DA:545,0
DA:547,0
DA:549,0
DA:550,0
DA:552,0
DA:555,0
DA:557,0
DA:558,0
DA:559,0
DA:560,0
DA:568,0
DA:574,0
DA:575,0
DA:577,0
DA:580,0
DA:581,0
DA:602,0
DA:604,0
DA:605,0
DA:606,0
DA:612,0
DA:623,0
DA:625,0
DA:626,0
DA:627,0
DA:628,0
DA:629,0
DA:632,0
DA:634,0
DA:635,0
DA:638,0
DA:639,0
DA:640,0
DA:642,0
DA:643,0
DA:644,0
DA:645,0
DA:647,0
DA:650,0
DA:657,0
DA:661,0
DA:668,0
DA:670,0
DA:671,0
DA:673,0
DA:674,0
DA:676,0
DA:677,0
DA:678,0
DA:682,0
DA:683,0
DA:685,0
DA:686,0
DA:687,0
DA:690,0
DA:692,0
DA:693,0
DA:701,0
DA:703,0
DA:709,0
DA:716,0
DA:717,0
DA:718,0
DA:719,0
DA:723,0
DA:724,0
DA:725,0
DA:726,0
DA:730,0
DA:732,0
DA:733,0
DA:741,0
DA:742,0
DA:745,0
DA:746,0
DA:747,0
DA:751,0
DA:752,0
DA:755,0
DA:756,0
DA:757,0
DA:761,0
DA:762,0
DA:763,0
DA:764,0
DA:767,0
DA:769,0
DA:770,0
DA:778,0
DA:779,0
DA:782,0
DA:783,0
DA:784,0
DA:785,0
DA:789,0
DA:790,0
DA:791,0
DA:792,0
DA:793,0
DA:796,0
DA:798,0
DA:799,0
DA:807,0
DA:809,0
DA:810,0
DA:812,0
DA:813,0
DA:815,0
DA:816,0
DA:817,0
DA:821,0
DA:822,0
DA:824,0
DA:825,0
DA:826,0
DA:830,0
DA:831,0
DA:835,0
DA:836,0
DA:839,0
DA:841,0
DA:842,0
DA:850,0
DA:852,0
DA:853,0
DA:854,0
DA:855,0
DA:859,0
DA:860,0
DA:861,0
DA:862,0
DA:865,0
DA:867,0
DA:868,0
DA:876,0
DA:878,0
DA:879,0
DA:880,0
DA:884,0
DA:885,0
DA:886,0
DA:887,0
DA:890,0
DA:892,0
DA:893,0
DA:899,1
DA:904,1
DA:910,1
DA:913,0
DA:914,0
DA:927,0
DA:928,0
DA:953,1
DA:954,0
DA:957,1
DA:958,1
DA:961,1
DA:964,1
DA:967,1
DA:968,1
DA:970,1
DA:976,1
DA:979,1
DA:982,1
DA:984,0
DA:990,1
DA:993,1
DA:997,1
DA:998,1
DA:1001,1
DA:1002,0
DA:1003,0
DA:1004,0
DA:1008,0
DA:1009,0
DA:1014,0
DA:1019,1
DA:1021,1
DA:1026,1
DA:1030,0
DA:1031,0
DA:1069,1
DA:1071,1
DA:1072,1
DA:1074,1
DA:1075,0
DA:1077,1
DA:1078,1
DA:1081,1
DA:1085,1
DA:1087,1
DA:1090,1
DA:1091,1
DA:1092,1
DA:1094,1
DA:1098,1
DA:1099,0
DA:1104,0
DA:1109,0
DA:1110,0
DA:1116,0
DA:1117,0
DA:1122,0
DA:1123,0
DA:1125,0
DA:1131,0
DA:1135,0
DA:1140,0
DA:1146,1
DA:1150,0
DA:1153,0
DA:1154,0
DA:1219,0
DA:1224,0
DA:1225,0
DA:1228,0
DA:1231,0
DA:1233,0
DA:1234,0
DA:1239,0
DA:1240,0
DA:1241,0
DA:1246,0
DA:1247,0
DA:1248,0
DA:1252,0
DA:1259,0
DA:1260,0
DA:1261,0
DA:1265,0
DA:1266,0
DA:1267,0
DA:1269,0
DA:1272,0
DA:1275,0
DA:1277,0
DA:1278,0
DA:1279,0
DA:1283,0
DA:1284,0
DA:1285,0
DA:1289,0
DA:1290,0
DA:1291,0
DA:1293,0
DA:1294,0
DA:1296,0
DA:1301,0
DA:1302,0
DA:1303,0
DA:1306,0
DA:1307,0
DA:1310,0
DA:1311,0
DA:1312,0
DA:1316,0
DA:1317,0
DA:1318,0
DA:1322,0
DA:1324,0
DA:1331,0
DA:1336,0
DA:1337,0
DA:1338,0
DA:1340,0
DA:1341,0
DA:1346,0
DA:1348,0
DA:1349,0
DA:1352,0
DA:1353,0
DA:1360,0
DA:1363,0
DA:1367,0
DA:1368,0
DA:1374,0
DA:1377,0
DA:1379,0
DA:1383,0
DA:1385,0
DA:1388,0
DA:1393,0
DA:1394,0
DA:1397,0
DA:1400,0
DA:1406,0
DA:1409,0
DA:1411,0
DA:1416,0
DA:1417,0
DA:1420,0
DA:1423,0
DA:1425,0
DA:1431,0
DA:1432,0
DA:1436,0
DA:1438,0
DA:1445,0
DA:1448,0
DA:1449,0
DA:1452,0
DA:1453,0
DA:1455,0
DA:1464,0
DA:1466,0
DA:1469,0
DA:1474,0
DA:1475,0
DA:1482,0
DA:1483,0
DA:1486,0
DA:1487,0
DA:1491,0
DA:1492,0
DA:1493,0
DA:1497,0
DA:1506,0
DA:1507,0
DA:1540,1
DA:1546,0
DA:1549,0
DA:1551,0
DA:1552,0
DA:1556,0
DA:1557,0
DA:1560,0
DA:1561,0
DA:1564,0
DA:1565,0
DA:1569,0
DA:1570,0
DA:1572,0
DA:1574,0
DA:1577,0
DA:1578,0
DA:1581,0
DA:1582,0
DA:1585,0
DA:1586,0
DA:1589,0
DA:1590,0
DA:1593,0
DA:1594,0
DA:1597,0
DA:1598,0
DA:1601,0
DA:1602,0
DA:1603,0
DA:1614,0
DA:1615,0
DA:1617,0
DA:1618,0
DA:1620,0
DA:1622,0
DA:1630,0
DA:1631,0
DA:1632,0
DA:1633,0
DA:1635,0
DA:1639,0
DA:1643,0
DA:1645,0
DA:1653,0
DA:1666,0
DA:1673,0
DA:1675,0
DA:1677,0
DA:1678,0
DA:1692,0
DA:1693,0
DA:1694,0
DA:1697,0
DA:1698,0
DA:1701,0
DA:1703,0
DA:1704,0
DA:1706,0
DA:1707,0
DA:1708,0
DA:1709,0
DA:1710,0
DA:1714,0
DA:1720,0
DA:1721,0
DA:1722,0
DA:1724,0
DA:1728,0
DA:1729,0
DA:1730,0
DA:1731,0
DA:1732,0
DA:1736,0
DA:1742,0
DA:1743,0
DA:1745,0
DA:1746,0
DA:1761,0
DA:1762,0
DA:1763,0
DA:1765,0
DA:1766,0
DA:1767,0
DA:1770,0
DA:1771,0
DA:1772,0
DA:1774,0
DA:1780,0
DA:1781,0
DA:1783,0
DA:1784,0
DA:1786,0
DA:1793,0
DA:1795,0
DA:1796,0
DA:1810,0
DA:1812,0
DA:1813,0
DA:1817,0
DA:1818,0
DA:1820,0
DA:1821,0
DA:1825,0
DA:1829,0
DA:1834,0
DA:1836,0
DA:1837,0
DA:1851,0
DA:1852,0
DA:1855,0
DA:1856,0
DA:1860,0
DA:1862,0
DA:1863,0
DA:1865,0
DA:1866,0
DA:1870,0
DA:1876,0
DA:1877,0
DA:1881,0
DA:1882,0
DA:1883,0
DA:1886,0
DA:1890,0
DA:1894,0
DA:1902,0
DA:1907,0
DA:1909,0
DA:1910,0
DA:1923,0
DA:1924,0
DA:1925,0
DA:1927,0
DA:1928,0
DA:1942,0
DA:1943,0
DA:1944,0
DA:1945,0
DA:1948,0
DA:1949,0
DA:1951,0
DA:1952,0
DA:1953,0
DA:1957,0
DA:1958,0
DA:1960,0
DA:1961,0
DA:1975,0
DA:1976,0
DA:1977,0
DA:1978,0
DA:1981,0
DA:1982,0
DA:1984,0
DA:1985,0
DA:1986,0
DA:1990,0
DA:1991,0
DA:1994,0
DA:1995,0
DA:1998,0
DA:2004,0
DA:2005,0
DA:2007,0
DA:2008,0
DA:2021,0
DA:2022,0
DA:2023,0
DA:2025,0
DA:2027,0
DA:2032,0
DA:2037,0
DA:2038,0
DA:2051,0
DA:2052,0
DA:2054,0
DA:2059,0
DA:2061,0
DA:2062,0
DA:2075,0
DA:2076,0
DA:2078,0
DA:2083,0
DA:2085,0
DA:2086,0
DA:2099,0
DA:2100,0
DA:2101,0
DA:2106,0
DA:2107,0
DA:2129,1
DA:2130,0
DA:2132,0
DA:2138,0
DA:2144,1
DA:2145,0
DA:2147,0
DA:2153,0
DA:2173,1
DA:2174,0
DA:2176,0
DA:2179,0
DA:2180,0
DA:2181,0
DA:2183,0
DA:2184,0
DA:2185,0
DA:2187,0
DA:2192,0
DA:2193,0
DA:2195,0
DA:2196,0
DA:2198,0
DA:2207,0
DA:2215,1
DA:2216,0
DA:2218,0
DA:2220,0
DA:2229,1
LF:706
LH:78
BRDA:61,0,0,0
BRDA:70,1,0,0
BRDA:70,1,1,0
BRDA:70,1,2,0
BRDA:70,1,3,0
BRDA:79,2,0,0
BRDA:80,3,0,0
BRDA:93,4,0,0
BRDA:93,5,0,0
BRDA:93,5,1,0
BRDA:93,5,2,0
BRDA:113,6,0,0
BRDA:146,7,0,0
BRDA:146,7,1,0
BRDA:163,8,0,0
BRDA:163,8,1,0
BRDA:164,9,0,0
BRDA:164,9,1,0
BRDA:166,10,0,0
BRDA:168,11,0,0
BRDA:168,11,1,0
BRDA:182,12,0,0
BRDA:182,12,1,0
BRDA:202,13,0,0
BRDA:202,13,1,0
BRDA:212,14,0,0
BRDA:212,15,0,0
BRDA:212,15,1,0
BRDA:231,16,0,0
BRDA:231,16,1,0
BRDA:233,17,0,0
BRDA:246,18,0,0
BRDA:246,19,0,0
BRDA:246,19,1,0
BRDA:246,19,2,0
BRDA:317,20,0,0
BRDA:317,20,1,0
BRDA:346,21,0,0
BRDA:362,22,0,0
BRDA:375,23,0,1
BRDA:378,24,0,0
BRDA:392,25,0,0
BRDA:436,26,0,0
BRDA:444,27,0,0
BRDA:449,28,0,0
BRDA:449,28,1,0
BRDA:463,29,0,0
BRDA:463,30,0,0
BRDA:463,30,1,0
BRDA:470,31,0,0
BRDA:538,32,0,0
BRDA:549,33,0,0
BRDA:549,33,1,0
BRDA:568,34,0,0
BRDA:568,34,1,0
BRDA:574,35,0,0
BRDA:574,35,1,0
BRDA:608,36,0,0
BRDA:608,36,1,0
BRDA:644,37,0,0
BRDA:644,37,1,0
BRDA:676,38,0,0
BRDA:685,39,0,0
BRDA:717,40,0,0
BRDA:724,41,0,0
BRDA:745,42,0,0
BRDA:755,43,0,0
BRDA:762,44,0,0
BRDA:783,45,0,0
BRDA:791,46,0,0
BRDA:815,47,0,0
BRDA:815,48,0,0
BRDA:815,48,1,0
BRDA:824,49,0,0
BRDA:831,50,0,0
BRDA:832,51,0,0
BRDA:832,51,1,0
BRDA:853,52,0,0
BRDA:853,53,0,0
BRDA:853,53,1,0
BRDA:860,54,0,0
BRDA:878,55,0,0
BRDA:885,56,0,0
BRDA:953,57,0,0
BRDA:993,58,0,1
BRDA:994,59,0,1
BRDA:994,59,1,1
BRDA:1008,60,0,0
BRDA:1074,61,0,0
BRDA:1074,61,1,1
BRDA:1074,62,0,1
BRDA:1074,62,1,0
BRDA:1085,63,0,1
BRDA:1085,63,1,0
BRDA:1090,64,0,1
BRDA:1090,64,1,0
BRDA:1104,65,0,0
BRDA:1104,65,1,0
BRDA:1105,66,0,0
BRDA:1105,66,1,0
BRDA:1116,67,0,0
BRDA:1116,67,1,0
BRDA:1116,68,0,0
BRDA:1116,68,1,0
BRDA:1224,69,0,0
BRDA:1239,70,0,0
BRDA:1246,71,0,0
BRDA:1249,72,0,0
BRDA:1249,72,1,0
BRDA:1259,73,0,0
BRDA:1259,73,1,0
BRDA:1277,74,0,0
BRDA:1283,75,0,0
BRDA:1293,76,0,0
BRDA:1293,76,1,0
BRDA:1293,76,2,0
BRDA:1306,77,0,0
BRDA:1346,78,0,0
BRDA:1346,78,1,0
BRDA:1393,79,0,0
BRDA:1393,79,1,0
BRDA:1474,80,0,0
BRDA:1549,81,0,0
BRDA:1549,81,1,0
BRDA:1549,81,2,0
BRDA:1549,81,3,0
BRDA:1549,81,4,0
BRDA:1549,81,5,0
BRDA:1549,81,6,0
BRDA:1549,81,7,0
BRDA:1549,81,8,0
BRDA:1549,81,9,0
BRDA:1549,81,10,0
BRDA:1549,81,11,0
BRDA:1549,81,12,0
BRDA:1549,81,13,0
BRDA:1569,82,0,0
BRDA:1569,82,1,0
BRDA:1569,83,0,0
BRDA:1569,83,1,0
BRDA:1680,84,0,0
BRDA:1680,84,1,0
BRDA:1701,85,0,0
BRDA:1701,85,1,0
BRDA:1707,86,0,0
BRDA:1729,87,0,0
BRDA:1748,88,0,0
BRDA:1748,88,1,0
BRDA:1765,89,0,0
BRDA:1770,90,0,0
BRDA:1770,90,1,0
BRDA:1798,91,0,0
BRDA:1798,91,1,0
BRDA:1821,92,0,0
BRDA:1822,93,0,0
BRDA:1822,93,1,0
BRDA:1839,94,0,0
BRDA:1839,94,1,0
BRDA:1860,95,0,0
BRDA:1866,96,0,0
BRDA:1867,97,0,0
BRDA:1867,97,1,0
BRDA:1912,98,0,0
BRDA:1912,98,1,0
BRDA:1930,99,0,0
BRDA:1930,99,1,0
BRDA:1943,100,0,0
BRDA:1951,101,0,0
BRDA:1963,102,0,0
BRDA:1963,102,1,0
BRDA:1976,103,0,0
BRDA:1984,104,0,0
BRDA:2010,105,0,0
BRDA:2010,105,1,0
BRDA:2040,106,0,0
BRDA:2040,106,1,0
BRDA:2064,107,0,0
BRDA:2064,107,1,0
BRDA:2088,108,0,0
BRDA:2088,108,1,0
BRDA:2109,109,0,0
BRDA:2109,109,1,0
BRDA:2174,110,0,0
BRDA:2174,111,0,0
BRDA:2174,111,1,0
BRDA:2181,112,0,0
BRDA:2181,113,0,0
BRDA:2181,113,1,0
BRDA:2181,113,2,0
BRDA:2187,114,0,0
BRDA:2188,115,0,0
BRDA:2188,115,1,0
BRDA:2188,115,2,0
BRDA:2216,116,0,0
BRF:194
BRH:8
end_of_record
TN:
SF:src/content/resumeBooster.ts
FN:37,initialize
FN:51,(anonymous_1)
FN:65,findBoostButton
FN:110,(anonymous_3)
FN:126,isButtonActive
FN:172,clickBoostButton
FN:190,(anonymous_6)
FN:209,(anonymous_7)
FN:221,refreshPage
FN:233,checkButtonState
FN:256,setupMutationObserver
FN:261,(anonymous_11)
FN:329,setupPageRefresh
FN:340,(anonymous_13)
FN:354,(anonymous_14)
FN:363,setupPageRefreshWithInterval
FN:377,(anonymous_16)
FN:389,(anonymous_17)
FN:399,setupMessageListener
FN:412,messageHandler
FN:456,handleBoostRequest
FN:488,handleButtonStateRequest
FN:509,handleGetStateRequest
FN:532,handleSettingsUpdate
FN:551,sendMessageToBackground
FN:562,cleanup
FNF:26
FNH:0
FNDA:0,initialize
FNDA:0,(anonymous_1)
FNDA:0,findBoostButton
FNDA:0,(anonymous_3)
FNDA:0,isButtonActive
FNDA:0,clickBoostButton
FNDA:0,(anonymous_6)
FNDA:0,(anonymous_7)
FNDA:0,refreshPage
FNDA:0,checkButtonState
FNDA:0,setupMutationObserver
FNDA:0,(anonymous_11)
FNDA:0,setupPageRefresh
FNDA:0,(anonymous_13)
FNDA:0,(anonymous_14)
FNDA:0,setupPageRefreshWithInterval
FNDA:0,(anonymous_16)
FNDA:0,(anonymous_17)
FNDA:0,setupMessageListener
FNDA:0,messageHandler
FNDA:0,handleBoostRequest
FNDA:0,handleButtonStateRequest
FNDA:0,handleGetStateRequest
FNDA:0,handleSettingsUpdate
FNDA:0,sendMessageToBackground
FNDA:0,cleanup
DA:6,0
DA:9,0
DA:29,0
DA:30,0
DA:31,0
DA:32,0
DA:38,0
DA:39,0
DA:42,0
DA:45,0
DA:48,0
DA:51,0
DA:52,0
DA:56,0
DA:58,0
DA:59,0
DA:66,0
DA:68,0
DA:69,0
DA:71,0
DA:72,0
DA:73,0
DA:74,0
DA:75,0
DA:76,0
DA:80,0
DA:81,0
DA:82,0
DA:83,0
DA:84,0
DA:89,0
DA:90,0
DA:91,0
DA:92,0
DA:96,0
DA:101,0
DA:104,0
DA:108,0
DA:109,0
DA:110,0
DA:111,0
DA:113,0
DA:120,0
DA:127,0
DA:129,0
DA:130,0
DA:134,0
DA:138,0
DA:142,0
DA:143,0
DA:145,0
DA:146,0
DA:147,0
DA:152,0
DA:153,0
DA:160,0
DA:161,0
DA:162,0
DA:166,0
DA:173,0
DA:174,0
DA:176,0
DA:177,0
DA:178,0
DA:181,0
DA:182,0
DA:183,0
DA:187,0
DA:190,0
DA:193,0
DA:199,0
DA:202,0
DA:203,0
DA:206,0
DA:209,0
DA:211,0
DA:213,0
DA:214,0
DA:222,0
DA:223,0
DA:224,0
DA:226,0
DA:234,0
DA:235,0
DA:238,0
DA:239,0
DA:241,0
DA:257,0
DA:258,0
DA:261,0
DA:262,0
DA:264,0
DA:266,0
DA:267,0
DA:272,0
DA:273,0
DA:274,0
DA:277,0
DA:283,0
DA:284,0
DA:291,0
DA:295,0
DA:297,0
DA:304,0
DA:309,0
DA:311,0
DA:316,0
DA:323,0
DA:330,0
DA:331,0
DA:334,0
DA:336,0
DA:337,0
DA:338,0
DA:340,0
DA:341,0
DA:344,0
DA:348,0
DA:353,0
DA:354,0
DA:355,0
DA:364,0
DA:368,0
DA:369,0
DA:370,0
DA:373,0
DA:374,0
DA:375,0
DA:377,0
DA:378,0
DA:379,0
DA:382,0
DA:386,0
DA:388,0
DA:389,0
DA:390,0
DA:392,0
DA:401,0
DA:402,0
DA:405,0
DA:406,0
DA:417,0
DA:419,0
DA:421,0
DA:422,0
DA:425,0
DA:426,0
DA:429,0
DA:430,0
DA:431,0
DA:434,0
DA:435,0
DA:438,0
DA:439,0
DA:440,0
DA:443,0
DA:444,0
DA:449,0
DA:459,0
DA:460,0
DA:462,0
DA:472,0
DA:474,0
DA:491,0
DA:492,0
DA:494,0
DA:512,0
DA:514,0
DA:533,0
DA:534,0
DA:535,0
DA:538,0
DA:539,0
DA:542,0
DA:544,0
DA:552,0
DA:553,0
DA:555,0
DA:563,0
DA:564,0
DA:565,0
DA:568,0
DA:569,0
DA:570,0
DA:574,0
DA:575,0
DA:578,0
DA:579,0
DA:583,0
DA:584,0
DA:586,0
DA:590,0
DA:594,0
DA:595,0
LF:194
LH:0
BRDA:38,0,0,0
BRDA:71,1,0,0
BRDA:71,1,1,0
BRDA:73,2,0,0
BRDA:74,3,0,0
BRDA:74,3,1,0
BRDA:82,4,0,0
BRDA:82,5,0,0
BRDA:82,5,1,0
BRDA:90,6,0,0
BRDA:108,7,0,0
BRDA:111,8,0,0
BRDA:129,9,0,0
BRDA:134,10,0,0
BRDA:135,11,0,0
BRDA:135,11,1,0
BRDA:146,12,0,0
BRDA:152,13,0,0
BRDA:152,13,1,0
BRDA:161,14,0,0
BRDA:176,15,0,0
BRDA:181,16,0,0
BRDA:202,17,0,0
BRDA:238,18,0,0
BRDA:247,19,0,0
BRDA:247,19,1,0
BRDA:257,20,0,0
BRDA:266,21,0,0
BRDA:273,22,0,0
BRDA:277,23,0,0
BRDA:278,24,0,0
BRDA:278,24,1,0
BRDA:278,24,2,0
BRDA:278,24,3,0
BRDA:291,25,0,0
BRDA:292,26,0,0
BRDA:292,26,1,0
BRDA:297,27,0,0
BRDA:298,28,0,0
BRDA:298,28,1,0
BRDA:298,28,2,0
BRDA:301,29,0,0
BRDA:301,29,1,0
BRDA:309,30,0,0
BRDA:330,31,0,0
BRDA:337,32,0,0
BRDA:337,32,1,0
BRDA:368,33,0,0
BRDA:401,34,0,0
BRDA:419,35,0,0
BRDA:419,35,1,0
BRDA:419,35,2,0
BRDA:419,35,3,0
BRDA:419,35,4,0
BRDA:419,35,5,0
BRDA:478,36,0,0
BRDA:478,36,1,0
BRDA:500,37,0,0
BRDA:500,37,1,0
BRDA:521,38,0,0
BRDA:521,38,1,0
BRDA:535,39,0,0
BRDA:535,39,1,0
BRDA:538,40,0,0
BRDA:538,40,1,0
BRDA:538,41,0,0
BRDA:538,41,1,0
BRDA:563,42,0,0
BRDA:568,43,0,0
BRDA:574,44,0,0
BRDA:583,45,0,0
BRDA:583,45,1,0
BRDA:594,46,0,0
BRDA:594,47,0,0
BRDA:594,47,1,0
BRF:75
BRH:0
end_of_record
TN:
SF:src/popup/popup.ts
FN:42,sendMessageToServiceWorker
FN:80,(anonymous_1)
FN:100,initializePopup
FN:163,loadSettings
FN:185,loadManagedTabs
FN:202,(anonymous_5)
FN:261,loadGlobalPauseState
FN:299,loadLogs
FN:313,setupEventListeners
FN:318,(anonymous_9)
FN:334,handleGlobalPauseToggle
FN:382,debugChromeStorage
FN:398,testDirectSave
FN:430,handleSettingsClick
FN:512,updateSettings
FN:534,(anonymous_15)
FN:556,handleClearLogs
FN:569,handleBackgroundMessage
FN:574,(anonymous_18)
FN:596,updateStatusIndicator
FN:610,(anonymous_20)
FN:613,(anonymous_21)
FN:615,(anonymous_22)
FN:625,updateGlobalPauseButton
FN:638,renderManagedTabs
FN:652,(anonymous_25)
FN:698,setupTabActionListeners
FN:701,(anonymous_27)
FN:707,(anonymous_28)
FN:715,handleTabPauseToggle
FN:721,(anonymous_30)
FN:754,handleTabRemove
FN:761,(anonymous_32)
FN:795,renderLogs
FN:812,(anonymous_34)
FN:839,getStateClass
FN:854,getStateText
FN:873,getTimeRemaining
FN:883,(anonymous_38)
FN:890,(anonymous_39)
FN:940,getLastClickText
FN:954,getLevelClass
FN:967,truncateText
FN:974,(anonymous_43)
FN:980,(anonymous_44)
FN:981,(anonymous_45)
FNF:46
FNH:0
FNDA:0,sendMessageToServiceWorker
FNDA:0,(anonymous_1)
FNDA:0,initializePopup
FNDA:0,loadSettings
FNDA:0,loadManagedTabs
FNDA:0,(anonymous_5)
FNDA:0,loadGlobalPauseState
FNDA:0,loadLogs
FNDA:0,setupEventListeners
FNDA:0,(anonymous_9)
FNDA:0,handleGlobalPauseToggle
FNDA:0,debugChromeStorage
FNDA:0,testDirectSave
FNDA:0,handleSettingsClick
FNDA:0,updateSettings
FNDA:0,(anonymous_15)
FNDA:0,handleClearLogs
FNDA:0,handleBackgroundMessage
FNDA:0,(anonymous_18)
FNDA:0,updateStatusIndicator
FNDA:0,(anonymous_20)
FNDA:0,(anonymous_21)
FNDA:0,(anonymous_22)
FNDA:0,updateGlobalPauseButton
FNDA:0,renderManagedTabs
FNDA:0,(anonymous_25)
FNDA:0,setupTabActionListeners
FNDA:0,(anonymous_27)
FNDA:0,(anonymous_28)
FNDA:0,handleTabPauseToggle
FNDA:0,(anonymous_30)
FNDA:0,handleTabRemove
FNDA:0,(anonymous_32)
FNDA:0,renderLogs
FNDA:0,(anonymous_34)
FNDA:0,getStateClass
FNDA:0,getStateText
FNDA:0,getTimeRemaining
FNDA:0,(anonymous_38)
FNDA:0,(anonymous_39)
FNDA:0,getLastClickText
FNDA:0,getLevelClass
FNDA:0,truncateText
FNDA:0,(anonymous_43)
FNDA:0,(anonymous_44)
FNDA:0,(anonymous_45)
DA:4,0
DA:13,0
DA:21,0
DA:22,0
DA:23,0
DA:36,0
DA:37,0
DA:47,0
DA:49,0
DA:50,0
DA:51,0
DA:56,0
DA:58,0
DA:59,0
DA:62,0
DA:64,0
DA:69,0
DA:70,0
DA:73,0
DA:74,0
DA:78,0
DA:79,0
DA:80,0
DA:85,0
DA:89,0
DA:101,0
DA:102,0
DA:103,0
DA:106,0
DA:107,0
DA:108,0
DA:109,0
DA:110,0
DA:113,0
DA:114,0
DA:116,0
DA:126,0
DA:135,0
DA:136,0
DA:140,0
DA:141,0
DA:142,0
DA:143,0
DA:146,0
DA:149,0
DA:150,0
DA:151,0
DA:153,0
DA:155,0
DA:156,0
DA:164,0
DA:165,0
DA:166,0
DA:167,0
DA:169,0
DA:171,0
DA:178,0
DA:186,0
DA:187,0
DA:190,0
DA:193,0
DA:195,0
DA:196,0
DA:202,0
DA:203,0
DA:217,0
DA:223,0
DA:226,0
DA:232,0
DA:233,0
DA:240,0
DA:241,0
DA:244,0
DA:246,0
DA:248,0
DA:249,0
DA:250,0
DA:252,0
DA:253,0
DA:262,0
DA:263,0
DA:266,0
DA:270,0
DA:271,0
DA:272,0
DA:277,0
DA:281,0
DA:282,0
DA:286,0
DA:288,0
DA:290,0
DA:291,0
DA:292,0
DA:300,0
DA:301,0
DA:302,0
DA:303,0
DA:305,0
DA:306,0
DA:315,0
DA:318,0
DA:319,0
DA:323,0
DA:326,0
DA:328,0
DA:335,0
DA:336,0
DA:339,0
DA:342,0
DA:344,0
DA:347,0
DA:352,0
DA:354,0
DA:355,0
DA:360,0
DA:361,0
DA:362,0
DA:366,0
DA:367,0
DA:369,0
DA:371,0
DA:373,0
DA:374,0
DA:375,0
DA:383,0
DA:384,0
DA:385,0
DA:386,0
DA:388,0
DA:389,0
DA:391,0
DA:399,0
DA:400,0
DA:403,0
DA:414,0
DA:417,0
DA:421,0
DA:423,0
DA:431,0
DA:437,0
DA:440,0
DA:441,0
DA:447,0
DA:459,0
DA:460,0
DA:462,0
DA:464,0
DA:469,0
DA:471,0
DA:472,0
DA:473,0
DA:475,0
DA:476,0
DA:479,0
DA:481,0
DA:482,0
DA:485,0
DA:486,0
DA:488,0
DA:491,0
DA:493,0
DA:498,0
DA:499,0
DA:500,0
DA:501,0
DA:503,0
DA:513,0
DA:514,0
DA:515,0
DA:520,0
DA:521,0
DA:523,0
DA:524,0
DA:525,0
DA:528,0
DA:533,0
DA:534,0
DA:535,0
DA:539,0
DA:540,0
DA:541,0
DA:543,0
DA:544,0
DA:545,0
DA:547,0
DA:549,0
DA:557,0
DA:558,0
DA:559,0
DA:560,0
DA:562,0
DA:570,0
DA:572,0
DA:574,0
DA:575,0
DA:576,0
DA:578,0
DA:581,0
DA:582,0
DA:585,0
DA:586,0
DA:589,0
DA:597,0
DA:598,0
DA:599,0
DA:600,0
DA:604,0
DA:605,0
DA:606,0
DA:607,0
DA:608,0
DA:609,0
DA:610,0
DA:611,0
DA:612,0
DA:613,0
DA:614,0
DA:615,0
DA:617,0
DA:618,0
DA:626,0
DA:627,0
DA:628,0
DA:630,0
DA:631,0
DA:639,0
DA:640,0
DA:648,0
DA:651,0
DA:653,0
DA:654,0
DA:655,0
DA:656,0
DA:658,0
DA:689,0
DA:692,0
DA:700,0
DA:701,0
DA:702,0
DA:706,0
DA:707,0
DA:708,0
DA:716,0
DA:717,0
DA:719,0
DA:721,0
DA:722,0
DA:723,0
DA:724,0
DA:727,0
DA:728,0
DA:730,0
DA:736,0
DA:738,0
DA:739,0
DA:741,0
DA:742,0
DA:744,0
DA:747,0
DA:755,0
DA:756,0
DA:758,0
DA:759,0
DA:761,0
DA:764,0
DA:765,0
DA:768,0
DA:773,0
DA:775,0
DA:776,0
DA:778,0
DA:780,0
DA:781,0
DA:784,0
DA:786,0
DA:787,0
DA:796,0
DA:797,0
DA:799,0
DA:800,0
DA:805,0
DA:809,0
DA:811,0
DA:813,0
DA:814,0
DA:816,0
DA:825,0
DA:827,0
DA:828,0
DA:840,0
DA:842,0
DA:844,0
DA:846,0
DA:848,0
DA:850,0
DA:855,0
DA:857,0
DA:859,0
DA:861,0
DA:863,0
DA:865,0
DA:867,0
DA:869,0
DA:875,0
DA:876,0
DA:883,0
DA:884,0
DA:886,0
DA:887,0
DA:888,0
DA:890,0
DA:892,0
DA:895,0
DA:897,0
DA:898,0
DA:899,0
DA:902,0
DA:903,0
DA:911,0
DA:912,0
DA:913,0
DA:916,0
DA:917,0
DA:918,0
DA:921,0
DA:922,0
DA:924,0
DA:925,0
DA:926,0
DA:929,0
DA:930,0
DA:931,0
DA:933,0
DA:934,0
DA:935,0
DA:937,0
DA:941,0
DA:943,0
DA:944,0
DA:945,0
DA:947,0
DA:948,0
DA:950,0
DA:951,0
DA:955,0
DA:957,0
DA:959,0
DA:961,0
DA:963,0
DA:968,0
DA:969,0
DA:973,0
DA:974,0
DA:975,0
DA:976,0
DA:980,0
DA:981,0
DA:982,0
DA:983,0
DA:985,0
LF:360
LH:0
BRDA:44,0,0,0
BRDA:45,1,0,0
BRDA:58,2,0,0
BRDA:58,2,1,0
BRDA:58,3,0,0
BRDA:58,3,1,0
BRDA:65,4,0,0
BRDA:65,4,1,0
BRDA:73,5,0,0
BRDA:90,6,0,0
BRDA:90,6,1,0
BRDA:126,7,0,0
BRDA:127,8,0,0
BRDA:127,8,1,0
BRDA:127,8,2,0
BRDA:127,8,3,0
BRDA:127,8,4,0
BRDA:127,8,5,0
BRDA:127,8,6,0
BRDA:195,9,0,0
BRDA:195,9,1,0
BRDA:195,10,0,0
BRDA:195,10,1,0
BRDA:209,11,0,0
BRDA:209,11,1,0
BRDA:212,12,0,0
BRDA:212,12,1,0
BRDA:213,13,0,0
BRDA:213,13,1,0
BRDA:236,14,0,0
BRDA:236,14,1,0
BRDA:270,15,0,0
BRDA:270,15,1,0
BRDA:270,16,0,0
BRDA:270,16,1,0
BRDA:354,17,0,0
BRDA:462,18,0,0
BRDA:462,18,1,0
BRDA:471,19,0,0
BRDA:475,20,0,0
BRDA:475,20,1,0
BRDA:475,21,0,0
BRDA:475,21,1,0
BRDA:491,22,0,0
BRDA:498,23,0,0
BRDA:500,24,0,0
BRDA:500,24,1,0
BRDA:500,25,0,0
BRDA:500,25,1,0
BRDA:572,26,0,0
BRDA:572,26,1,0
BRDA:572,26,2,0
BRDA:572,26,3,0
BRDA:597,27,0,0
BRDA:597,28,0,0
BRDA:597,28,1,0
BRDA:604,29,0,0
BRDA:604,29,1,0
BRDA:607,30,0,0
BRDA:607,30,1,0
BRDA:610,31,0,0
BRDA:610,31,1,0
BRDA:613,32,0,0
BRDA:613,32,1,0
BRDA:626,33,0,0
BRDA:626,33,1,0
BRDA:639,34,0,0
BRDA:662,35,0,0
BRDA:662,35,1,0
BRDA:678,36,0,0
BRDA:678,36,1,0
BRDA:717,37,0,0
BRDA:717,37,1,0
BRDA:722,38,0,0
BRDA:738,39,0,0
BRDA:738,39,1,0
BRDA:739,40,0,0
BRDA:739,40,1,0
BRDA:756,41,0,0
BRDA:756,41,1,0
BRDA:758,42,0,0
BRDA:775,43,0,0
BRDA:775,43,1,0
BRDA:799,44,0,0
BRDA:840,45,0,0
BRDA:840,45,1,0
BRDA:840,45,2,0
BRDA:840,45,3,0
BRDA:840,45,4,0
BRDA:855,46,0,0
BRDA:855,46,1,0
BRDA:855,46,2,0
BRDA:855,46,3,0
BRDA:855,46,4,0
BRDA:855,46,5,0
BRDA:855,46,6,0
BRDA:884,47,0,0
BRDA:884,47,1,0
BRDA:886,48,0,0
BRDA:897,49,0,0
BRDA:911,50,0,0
BRDA:916,51,0,0
BRDA:921,52,0,0
BRDA:921,52,1,0
BRDA:924,53,0,0
BRDA:933,54,0,0
BRDA:933,54,1,0
BRDA:941,55,0,0
BRDA:947,56,0,0
BRDA:948,57,0,0
BRDA:955,58,0,0
BRDA:955,58,1,0
BRDA:955,58,2,0
BRDA:955,58,3,0
BRDA:968,59,0,0
BRF:115
BRH:0
end_of_record
TN:
SF:src/utils/alarmTimerManager.ts
FN:27,(anonymous_0)
FN:29,(anonymous_1)
FN:39,(anonymous_2)
FN:107,(anonymous_3)
FN:110,(anonymous_4)
FN:130,(anonymous_5)
FN:162,(anonymous_6)
FN:188,(anonymous_7)
FN:208,(anonymous_8)
FN:228,(anonymous_9)
FN:236,(anonymous_10)
FN:242,(anonymous_11)
FN:248,(anonymous_12)
FN:256,(anonymous_13)
FN:264,(anonymous_14)
FN:278,(anonymous_15)
FN:304,(anonymous_16)
FN:372,(anonymous_17)
FN:400,(anonymous_18)
FN:453,(anonymous_19)
FN:508,(anonymous_20)
FN:570,(anonymous_21)
FN:598,(anonymous_22)
FNF:23
FNH:0
FNDA:0,(anonymous_0)
FNDA:0,(anonymous_1)
FNDA:0,(anonymous_2)
FNDA:0,(anonymous_3)
FNDA:0,(anonymous_4)
FNDA:0,(anonymous_5)
FNDA:0,(anonymous_6)
FNDA:0,(anonymous_7)
FNDA:0,(anonymous_8)
FNDA:0,(anonymous_9)
FNDA:0,(anonymous_10)
FNDA:0,(anonymous_11)
FNDA:0,(anonymous_12)
FNDA:0,(anonymous_13)
FNDA:0,(anonymous_14)
FNDA:0,(anonymous_15)
FNDA:0,(anonymous_16)
FNDA:0,(anonymous_17)
FNDA:0,(anonymous_18)
FNDA:0,(anonymous_19)
FNDA:0,(anonymous_20)
FNDA:0,(anonymous_21)
FNDA:0,(anonymous_22)
DA:4,0
DA:13,0
DA:14,0
DA:16,0
DA:29,0
DA:30,0
DA:33,0
DA:43,0
DA:44,0
DA:49,0
DA:51,0
DA:52,0
DA:55,0
DA:56,0
DA:59,0
DA:60,0
DA:64,0
DA:69,0
DA:77,0
DA:79,0
DA:86,0
DA:92,0
DA:93,0
DA:108,0
DA:110,0
DA:111,0
DA:115,0
DA:123,0
DA:124,0
DA:131,0
DA:132,0
DA:134,0
DA:136,0
DA:137,0
DA:138,0
DA:142,0
DA:143,0
DA:145,0
DA:146,0
DA:151,0
DA:152,0
DA:166,0
DA:167,0
DA:170,0
DA:171,0
DA:172,0
DA:177,0
DA:178,0
DA:189,0
DA:190,0
DA:192,0
DA:193,0
DA:196,0
DA:197,0
DA:198,0
DA:200,0
DA:201,0
DA:209,0
DA:211,0
DA:212,0
DA:215,0
DA:216,0
DA:218,0
DA:219,0
DA:221,0
DA:229,0
DA:230,0
DA:242,0
DA:249,0
DA:250,0
DA:257,0
DA:258,0
DA:266,0
DA:267,0
DA:271,0
DA:272,0
DA:281,0
DA:282,0
DA:285,0
DA:286,0
DA:287,0
DA:288,0
DA:291,0
DA:292,0
DA:294,0
DA:305,0
DA:306,0
DA:308,0
DA:309,0
DA:310,0
DA:311,0
DA:315,0
DA:318,0
DA:319,0
DA:320,0
DA:321,0
DA:322,0
DA:323,0
DA:325,0
DA:329,0
DA:342,0
DA:348,0
DA:350,0
DA:354,0
DA:358,0
DA:373,0
DA:374,0
DA:376,0
DA:377,0
DA:379,0
DA:385,0
DA:386,0
DA:401,0
DA:402,0
DA:403,0
DA:404,0
DA:405,0
DA:408,0
DA:409,0
DA:410,0
DA:414,0
DA:415,0
DA:419,0
DA:422,0
DA:424,0
DA:426,0
DA:429,0
DA:435,0
DA:437,0
DA:438,0
DA:446,0
DA:454,0
DA:455,0
DA:457,0
DA:458,0
DA:459,0
DA:462,0
DA:463,0
DA:464,0
DA:468,0
DA:470,0
DA:472,0
DA:474,0
DA:477,0
DA:482,0
DA:485,0
DA:488,0
DA:489,0
DA:492,0
DA:493,0
DA:501,0
DA:517,0
DA:519,0
DA:520,0
DA:522,0
DA:544,0
DA:551,0
DA:552,0
DA:553,0
DA:554,0
DA:557,0
DA:564,0
DA:571,0
DA:572,0
DA:575,0
DA:576,0
DA:577,0
DA:582,0
DA:583,0
DA:585,0
DA:586,0
DA:588,0
DA:589,0
DA:603,0
DA:604,0
DA:610,0
DA:616,0
LF:177
LH:0
BRDA:41,0,0,0
BRDA:55,1,0,0
BRDA:98,2,0,0
BRDA:98,2,1,0
BRDA:134,3,0,0
BRDA:136,4,0,0
BRDA:136,5,0,0
BRDA:136,5,1,0
BRDA:154,6,0,0
BRDA:154,6,1,0
BRDA:164,7,0,0
BRDA:180,8,0,0
BRDA:180,8,1,0
BRDA:192,9,0,0
BRDA:192,10,0,0
BRDA:192,10,1,0
BRDA:211,11,0,0
BRDA:218,12,0,0
BRDA:218,12,1,0
BRDA:230,13,0,0
BRDA:230,13,1,0
BRDA:286,14,0,0
BRDA:309,15,0,0
BRDA:318,16,0,0
BRDA:318,16,1,0
BRDA:319,17,0,0
BRDA:319,17,1,0
BRDA:335,18,0,0
BRDA:335,18,1,0
BRDA:363,19,0,0
BRDA:363,19,1,0
BRDA:391,20,0,0
BRDA:391,20,1,0
BRDA:403,21,0,0
BRDA:408,22,0,0
BRDA:414,23,0,0
BRDA:414,24,0,0
BRDA:414,24,1,0
BRDA:443,25,0,0
BRDA:443,25,1,0
BRDA:457,26,0,0
BRDA:462,27,0,0
BRDA:468,28,0,0
BRDA:468,28,1,0
BRDA:470,29,0,0
BRDA:470,29,1,0
BRDA:498,30,0,0
BRDA:498,30,1,0
BRDA:524,31,0,0
BRDA:524,31,1,0
BRDA:546,32,0,0
BRDA:546,32,1,0
BRDA:551,33,0,0
BRDA:576,34,0,0
BRDA:576,35,0,0
BRDA:576,35,1,0
BRDA:590,36,0,0
BRDA:590,36,1,0
BRF:58
BRH:0
end_of_record
TN:
SF:src/utils/persistentAlarmManager.ts
FN:35,(anonymous_0)
FN:37,(anonymous_1)
FN:48,(anonymous_2)
FN:82,(anonymous_3)
FN:128,(anonymous_4)
FN:132,(anonymous_5)
FN:153,(anonymous_6)
FN:183,(anonymous_7)
FN:186,(anonymous_8)
FN:198,(anonymous_9)
FN:220,(anonymous_10)
FN:265,(anonymous_11)
FN:290,(anonymous_12)
FN:323,(anonymous_13)
FN:414,(anonymous_14)
FN:457,(anonymous_15)
FN:483,(anonymous_16)
FN:489,(anonymous_17)
FN:682,(anonymous_18)
FN:711,(anonymous_19)
FN:732,(anonymous_20)
FN:740,(anonymous_21)
FN:748,(anonymous_22)
FN:796,(anonymous_23)
FN:804,(anonymous_24)
FN:811,(anonymous_25)
FN:817,(anonymous_26)
FN:831,(anonymous_27)
FN:866,(anonymous_28)
FN:895,(anonymous_29)
FN:904,(anonymous_30)
FN:943,(anonymous_31)
FNF:32
FNH:8
FNDA:1,(anonymous_0)
FNDA:0,(anonymous_1)
FNDA:1,(anonymous_2)
FNDA:1,(anonymous_3)
FNDA:1,(anonymous_4)
FNDA:0,(anonymous_5)
FNDA:0,(anonymous_6)
FNDA:1,(anonymous_7)
FNDA:0,(anonymous_8)
FNDA:1,(anonymous_9)
FNDA:0,(anonymous_10)
FNDA:0,(anonymous_11)
FNDA:0,(anonymous_12)
FNDA:0,(anonymous_13)
FNDA:0,(anonymous_14)
FNDA:0,(anonymous_15)
FNDA:0,(anonymous_16)
FNDA:0,(anonymous_17)
FNDA:0,(anonymous_18)
FNDA:0,(anonymous_19)
FNDA:1,(anonymous_20)
FNDA:0,(anonymous_21)
FNDA:0,(anonymous_22)
FNDA:0,(anonymous_23)
FNDA:0,(anonymous_24)
FNDA:0,(anonymous_25)
FNDA:0,(anonymous_26)
FNDA:0,(anonymous_27)
FNDA:0,(anonymous_28)
FNDA:0,(anonymous_29)
FNDA:0,(anonymous_30)
FNDA:4,(anonymous_31)
DA:4,1
DA:24,1
DA:25,1
DA:27,1
DA:30,1
DA:33,1
DA:37,1
DA:38,0
DA:41,1
DA:42,1
DA:49,1
DA:50,1
DA:53,1
DA:56,1
DA:59,1
DA:62,1
DA:64,1
DA:66,1
DA:68,0
DA:69,0
DA:83,1
DA:84,1
DA:85,1
DA:87,1
DA:93,1
DA:94,0
DA:95,0
DA:98,0
DA:99,0
DA:101,0
DA:102,0
DA:105,0
DA:107,0
DA:110,0
DA:114,1
DA:118,0
DA:119,0
DA:129,1
DA:130,1
DA:131,0
DA:132,0
DA:135,0
DA:138,0
DA:139,0
DA:140,0
DA:141,0
DA:142,0
DA:143,0
DA:144,0
DA:150,0
DA:151,0
DA:152,0
DA:153,0
DA:155,0
DA:156,0
DA:157,0
DA:158,0
DA:159,0
DA:162,0
DA:168,0
DA:173,1
DA:174,1
DA:185,1
DA:187,0
DA:192,1
DA:199,1
DA:202,1
DA:207,1
DA:208,1
DA:210,0
DA:211,0
DA:221,0
DA:222,0
DA:225,0
DA:226,0
DA:227,0
DA:229,0
DA:230,0
DA:231,0
DA:232,0
DA:233,0
DA:234,0
DA:235,0
DA:241,0
DA:244,0
DA:246,0
DA:250,0
DA:255,0
DA:256,0
DA:266,0
DA:267,0
DA:269,0
DA:270,0
DA:273,0
DA:274,0
DA:280,0
DA:281,0
DA:294,0
DA:297,0
DA:299,0
DA:304,0
DA:305,0
DA:306,0
DA:309,0
DA:311,0
DA:312,0
DA:315,0
DA:316,0
DA:327,0
DA:328,0
DA:333,0
DA:335,0
DA:336,0
DA:337,0
DA:340,0
DA:341,0
DA:352,0
DA:357,0
DA:360,0
DA:362,0
DA:363,0
DA:367,0
DA:368,0
DA:369,0
DA:374,0
DA:378,0
DA:380,0
DA:388,0
DA:396,0
DA:400,0
DA:415,0
DA:416,0
DA:418,0
DA:420,0
DA:421,0
DA:422,0
DA:426,0
DA:429,0
DA:431,0
DA:432,0
DA:439,0
DA:443,0
DA:458,0
DA:461,0
DA:462,0
DA:465,0
DA:468,0
DA:470,0
DA:471,0
DA:475,0
DA:476,0
DA:477,0
DA:478,0
DA:482,0
DA:483,0
DA:485,0
DA:488,0
DA:489,0
DA:491,0
DA:496,0
DA:497,0
DA:499,0
DA:501,0
DA:506,0
DA:507,0
DA:511,0
DA:514,0
DA:515,0
DA:516,0
DA:517,0
DA:520,0
DA:521,0
DA:526,0
DA:532,0
DA:538,0
DA:539,0
DA:544,0
DA:555,0
DA:557,0
DA:558,0
DA:559,0
DA:561,0
DA:566,0
DA:567,0
DA:569,0
DA:570,0
DA:571,0
DA:572,0
DA:573,0
DA:575,0
DA:584,0
DA:589,0
DA:590,0
DA:591,0
DA:593,0
DA:594,0
DA:595,0
DA:596,0
DA:597,0
DA:599,0
DA:604,0
DA:605,0
DA:606,0
DA:610,0
DA:614,0
DA:615,0
DA:616,0
DA:621,0
DA:623,0
DA:624,0
DA:628,0
DA:634,0
DA:638,0
DA:648,0
DA:649,0
DA:650,0
DA:651,0
DA:656,0
DA:657,0
DA:658,0
DA:660,0
DA:661,0
DA:663,0
DA:666,0
DA:674,0
DA:675,0
DA:685,0
DA:686,0
DA:691,0
DA:692,0
DA:694,0
DA:697,0
DA:701,0
DA:702,0
DA:703,0
DA:704,0
DA:707,0
DA:711,0
DA:712,0
DA:718,0
DA:722,0
DA:733,1
DA:734,1
DA:741,0
DA:742,0
DA:758,0
DA:760,0
DA:761,0
DA:769,0
DA:770,0
DA:772,0
DA:773,0
DA:775,0
DA:781,0
DA:797,0
DA:798,0
DA:811,0
DA:821,0
DA:824,0
DA:825,0
DA:832,0
DA:833,0
DA:834,0
DA:835,0
DA:839,0
DA:840,0
DA:844,0
DA:845,0
DA:846,0
DA:848,0
DA:850,0
DA:853,0
DA:855,0
DA:859,0
DA:867,0
DA:868,0
DA:869,0
DA:870,0
DA:873,0
DA:875,0
DA:876,0
DA:877,0
DA:878,0
DA:880,0
DA:881,0
DA:884,0
DA:888,0
DA:896,0
DA:897,0
DA:898,0
DA:905,0
DA:906,0
DA:909,0
DA:910,0
DA:914,0
DA:915,0
DA:916,0
DA:921,0
DA:924,0
DA:925,0
DA:928,0
DA:930,0
DA:931,0
DA:933,0
DA:934,0
DA:948,4
DA:949,4
DA:955,0
DA:961,1
LF:309
LH:38
BRDA:73,0,0,0
BRDA:73,0,1,0
BRDA:85,1,0,1
BRDA:85,1,1,1
BRDA:99,2,0,0
BRDA:99,2,1,0
BRDA:99,3,0,0
BRDA:99,3,1,0
BRDA:105,4,0,0
BRDA:105,5,0,0
BRDA:105,5,1,0
BRDA:120,6,0,0
BRDA:120,6,1,0
BRDA:132,7,0,0
BRDA:132,7,1,0
BRDA:140,8,0,0
BRDA:142,9,0,0
BRDA:151,10,0,0
BRDA:151,11,0,0
BRDA:151,11,1,0
BRDA:155,12,0,0
BRDA:158,13,0,0
BRDA:158,13,1,0
BRDA:175,14,0,1
BRDA:175,14,1,0
BRDA:212,15,0,0
BRDA:212,15,1,0
BRDA:230,16,0,0
BRDA:232,17,0,0
BRDA:257,18,0,0
BRDA:257,18,1,0
BRDA:282,19,0,0
BRDA:282,19,1,0
BRDA:305,20,0,0
BRDA:305,20,1,0
BRDA:325,21,0,0
BRDA:348,22,0,0
BRDA:348,22,1,0
BRDA:352,23,0,0
BRDA:362,24,0,0
BRDA:405,25,0,0
BRDA:405,25,1,0
BRDA:418,26,0,0
BRDA:420,27,0,0
BRDA:420,28,0,0
BRDA:420,28,1,0
BRDA:448,29,0,0
BRDA:448,29,1,0
BRDA:461,30,0,0
BRDA:476,31,0,0
BRDA:499,32,0,0
BRDA:514,33,0,0
BRDA:514,33,1,0
BRDA:515,34,0,0
BRDA:515,34,1,0
BRDA:538,35,0,0
BRDA:538,35,1,0
BRDA:540,36,0,0
BRDA:540,36,1,0
BRDA:555,37,0,0
BRDA:558,38,0,0
BRDA:558,38,1,0
BRDA:643,39,0,0
BRDA:643,39,1,0
BRDA:650,40,0,0
BRDA:658,41,0,0
BRDA:658,41,1,0
BRDA:691,42,0,0
BRDA:702,43,0,0
BRDA:760,44,0,0
BRDA:775,45,0,0
BRDA:775,45,1,0
BRDA:777,46,0,0
BRDA:777,46,1,0
BRDA:798,47,0,0
BRDA:798,47,1,0
BRDA:819,48,0,0
BRDA:834,49,0,0
BRDA:834,50,0,0
BRDA:834,50,1,0
BRDA:839,51,0,0
BRDA:839,52,0,0
BRDA:839,52,1,0
BRDA:869,53,0,0
BRDA:869,54,0,0
BRDA:869,54,1,0
BRDA:870,55,0,0
BRDA:870,55,1,0
BRDA:873,56,0,0
BRDA:873,56,1,0
BRDA:875,57,0,0
BRDA:875,57,1,0
BRDA:909,58,0,0
BRDA:915,59,0,0
BRDA:915,60,0,0
BRDA:915,60,1,0
BRDA:935,61,0,0
BRDA:935,61,1,0
BRF:98
BRH:3
end_of_record
TN:
SF:src/utils/storage.ts
FN:28,saveSettings
FN:71,getSettings
FN:116,saveInterval
FN:129,getInterval
FN:137,saveGlobalPauseState
FN:144,getGlobalPauseState
FN:156,saveManagedTabs
FN:172,getManagedTabs
FN:189,addLogEntry
FN:213,getLogs
FN:226,clearLogs
FN:244,validateSettings
FN:271,isValidInterval
FN:278,isValidMaxTabs
FN:285,isValidRefreshInterval
FN:296,initializeStorage
FNF:16
FNH:12
FNDA:1,saveSettings
FNDA:7,getSettings
FNDA:0,saveInterval
FNDA:0,getInterval
FNDA:0,saveGlobalPauseState
FNDA:0,getGlobalPauseState
FNDA:3,saveManagedTabs
FNDA:3,getManagedTabs
FNDA:9,addLogEntry
FNDA:11,getLogs
FNDA:1,clearLogs
FNDA:3,validateSettings
FNDA:3,isValidInterval
FNDA:3,isValidMaxTabs
FNDA:3,isValidRefreshInterval
FNDA:1,initializeStorage
DA:4,2
DA:15,2
DA:28,2
DA:31,1
DA:32,1
DA:34,1
DA:35,1
DA:40,1
DA:41,1
DA:44,1
DA:45,1
DA:50,1
DA:54,1
DA:57,1
DA:58,1
DA:63,0
DA:64,0
DA:71,2
DA:72,7
DA:73,7
DA:74,7
DA:75,3
DA:77,3
DA:78,3
DA:81,3
DA:82,3
DA:87,3
DA:91,3
DA:94,3
DA:95,3
DA:97,3
DA:98,3
DA:103,3
DA:105,4
DA:107,4
DA:108,4
DA:109,4
DA:116,2
DA:117,0
DA:118,0
DA:123,0
DA:129,2
DA:130,0
DA:131,0
DA:137,2
DA:138,0
DA:144,2
DA:145,0
DA:146,0
DA:156,2
DA:157,3
DA:158,3
DA:162,3
DA:164,0
DA:165,0
DA:172,2
DA:173,3
DA:174,3
DA:175,3
DA:177,0
DA:178,0
DA:189,2
DA:192,9
DA:193,9
DA:194,9
DA:200,9
DA:202,9
DA:206,0
DA:213,2
DA:214,11
DA:215,11
DA:216,11
DA:218,0
DA:219,0
DA:226,2
DA:227,1
DA:228,1
DA:232,0
DA:233,0
DA:245,3
DA:265,3
DA:272,3
DA:279,3
DA:286,3
DA:296,2
DA:297,1
DA:298,1
DA:299,1
DA:301,0
LF:89
LH:69
BRDA:117,0,0,0
BRDA:175,1,0,3
BRDA:175,1,1,2
BRDA:216,2,0,11
BRDA:216,2,1,9
BRDA:246,3,0,3
BRDA:246,3,1,0
BRDA:249,4,0,3
BRDA:249,4,1,0
BRDA:253,5,0,3
BRDA:253,5,1,0
BRDA:257,6,0,3
BRDA:257,6,1,0
BRDA:260,7,0,3
BRDA:260,7,1,0
BRDA:272,8,0,3
BRDA:272,8,1,3
BRDA:272,8,2,3
BRDA:279,9,0,3
BRDA:279,9,1,3
BRDA:279,9,2,3
BRDA:287,10,0,3
BRDA:287,10,1,3
BRDA:287,10,2,3
BRF:24
BRH:18
end_of_record
TN:
SF:src/utils/tabManager.ts
FN:14,initializeTabManager
FN:52,findResumeTabs
FN:103,(anonymous_2)
FN:108,(anonymous_3)
FN:156,updateTabList
FN:160,(anonymous_5)
FN:161,(anonymous_6)
FN:164,(anonymous_7)
FN:173,(anonymous_8)
FN:215,onTabUpdated
FN:221,(anonymous_10)
FN:266,onTabRemoved
FN:282,removeTab
FN:283,(anonymous_13)
FN:306,getManagedTabsSync
FN:313,getManagedTab
FN:314,(anonymous_16)
FN:320,updateTabState
FN:324,(anonymous_18)
FN:343,onWindowFocusChanged
FN:373,setupEventListeners
FN:400,cleanupInvalidTabs
FN:410,(anonymous_22)
FN:419,(anonymous_23)
FN:420,(anonymous_24)
FN:434,(anonymous_25)
FN:447,(anonymous_26)
FN:454,(anonymous_27)
FN:462,isResumeUrl
FN:488,getTabManagerStatus
FNF:30
FNH:6
FNDA:1,initializeTabManager
FNDA:2,findResumeTabs
FNDA:0,(anonymous_2)
FNDA:0,(anonymous_3)
FNDA:2,updateTabList
FNDA:0,(anonymous_5)
FNDA:0,(anonymous_6)
FNDA:0,(anonymous_7)
FNDA:0,(anonymous_8)
FNDA:0,onTabUpdated
FNDA:0,(anonymous_10)
FNDA:0,onTabRemoved
FNDA:0,removeTab
FNDA:0,(anonymous_13)
FNDA:1,getManagedTabsSync
FNDA:0,getManagedTab
FNDA:0,(anonymous_16)
FNDA:0,updateTabState
FNDA:0,(anonymous_18)
FNDA:0,onWindowFocusChanged
FNDA:1,setupEventListeners
FNDA:1,cleanupInvalidTabs
FNDA:0,(anonymous_22)
FNDA:0,(anonymous_23)
FNDA:0,(anonymous_24)
FNDA:0,(anonymous_25)
FNDA:0,(anonymous_26)
FNDA:0,(anonymous_27)
FNDA:0,isResumeUrl
FNDA:0,getTabManagerStatus
DA:4,1
DA:5,1
DA:8,1
DA:9,1
DA:14,1
DA:15,1
DA:16,0
DA:19,1
DA:21,1
DA:24,1
DA:27,1
DA:30,1
DA:32,0
DA:34,0
DA:39,0
DA:41,1
DA:42,1
DA:52,1
DA:53,2
DA:54,2
DA:57,2
DA:60,2
DA:61,2
DA:62,2
DA:66,2
DA:70,2
DA:71,0
DA:72,0
DA:73,0
DA:77,0
DA:82,0
DA:83,0
DA:84,0
DA:85,0
DA:87,0
DA:88,0
DA:89,0
DA:90,0
DA:93,0
DA:97,0
DA:102,0
DA:103,0
DA:104,0
DA:108,0
DA:109,0
DA:112,0
DA:113,0
DA:115,0
DA:116,0
DA:119,0
DA:120,0
DA:125,0
DA:126,0
DA:130,0
DA:133,0
DA:136,0
DA:138,0
DA:139,0
DA:142,0
DA:144,2
DA:145,2
DA:149,2
DA:156,1
DA:157,2
DA:158,2
DA:159,2
DA:160,0
DA:161,0
DA:164,2
DA:165,0
DA:169,2
DA:170,0
DA:172,0
DA:173,0
DA:176,0
DA:177,0
DA:185,0
DA:187,0
DA:194,0
DA:195,0
DA:200,2
DA:202,2
DA:204,0
DA:205,0
DA:215,1
DA:220,0
DA:221,0
DA:223,0
DA:225,0
DA:226,0
DA:228,0
DA:232,0
DA:233,0
DA:234,0
DA:235,0
DA:242,0
DA:243,0
DA:247,0
DA:248,0
DA:252,0
DA:254,0
DA:255,0
DA:266,1
DA:267,0
DA:268,0
DA:270,0
DA:271,0
DA:282,1
DA:283,0
DA:285,0
DA:286,0
DA:287,0
DA:288,0
DA:290,0
DA:292,0
DA:298,0
DA:306,1
DA:307,1
DA:313,1
DA:314,0
DA:320,1
DA:324,0
DA:326,0
DA:327,0
DA:328,0
DA:330,0
DA:332,0
DA:344,0
DA:345,0
DA:347,0
DA:350,0
DA:353,0
DA:355,0
DA:361,0
DA:362,0
DA:375,1
DA:376,0
DA:378,1
DA:379,0
DA:381,1
DA:382,0
DA:386,0
DA:389,0
DA:392,0
DA:394,0
DA:401,1
DA:403,1
DA:405,1
DA:410,1
DA:411,0
DA:412,0
DA:413,0
DA:414,0
DA:417,0
DA:419,0
DA:420,0
DA:422,0
DA:426,1
DA:427,1
DA:431,0
DA:432,0
DA:434,0
DA:435,0
DA:436,0
DA:437,0
DA:439,0
DA:442,0
DA:443,0
DA:444,0
DA:447,0
DA:448,0
DA:451,0
DA:454,0
DA:463,0
DA:464,0
DA:465,0
DA:468,0
DA:469,0
DA:470,0
DA:471,0
DA:473,0
DA:475,0
DA:476,0
DA:477,0
DA:478,0
DA:479,0
DA:482,0
DA:488,1
DA:493,0
LF:189
LH:50
BRDA:15,0,0,0
BRDA:70,1,0,0
BRDA:82,2,0,0
BRDA:89,3,0,0
BRDA:109,4,0,0
BRDA:109,5,0,0
BRDA:109,5,1,0
BRDA:112,6,0,0
BRDA:112,6,1,0
BRDA:115,7,0,0
BRDA:115,7,1,0
BRDA:115,8,0,0
BRDA:115,8,1,0
BRDA:119,9,0,0
BRDA:119,9,1,0
BRDA:119,10,0,0
BRDA:119,10,1,0
BRDA:125,11,0,0
BRDA:125,12,0,0
BRDA:125,12,1,0
BRDA:130,13,0,0
BRDA:130,13,1,0
BRDA:138,14,0,0
BRDA:170,15,0,0
BRDA:170,16,0,0
BRDA:170,16,1,0
BRDA:176,17,0,0
BRDA:176,17,1,0
BRDA:180,18,0,0
BRDA:180,18,1,0
BRDA:195,19,0,0
BRDA:195,19,1,0
BRDA:223,20,0,0
BRDA:225,21,0,0
BRDA:225,22,0,0
BRDA:225,22,1,0
BRDA:232,23,0,0
BRDA:233,24,0,0
BRDA:233,24,1,0
BRDA:247,25,0,0
BRDA:285,26,0,0
BRDA:287,27,0,0
BRDA:326,28,0,0
BRDA:345,29,0,0
BRDA:375,30,0,0
BRDA:378,31,0,0
BRDA:381,32,0,0
BRDA:411,33,0,0
BRDA:411,34,0,0
BRDA:411,34,1,0
BRDA:412,35,0,0
BRDA:412,35,1,0
BRDA:414,36,0,0
BRDA:414,36,1,0
BRDA:436,37,0,0
BRDA:442,38,0,0
BRDA:463,39,0,0
BRDA:473,40,0,0
BRDA:473,40,1,0
BRDA:473,40,2,0
BRDA:473,40,3,0
BRDA:475,41,0,0
BRDA:475,42,0,0
BRDA:475,42,1,0
BRF:64
BRH:0
end_of_record
TN:
SF:src/utils/timerManager.ts
FN:23,(anonymous_0)
FN:32,(anonymous_1)
FN:56,(anonymous_2)
FN:86,(anonymous_3)
FN:114,(anonymous_4)
FN:137,(anonymous_5)
FN:156,(anonymous_6)
FN:176,(anonymous_7)
FN:184,(anonymous_8)
FN:185,(anonymous_9)
FN:191,(anonymous_10)
FN:199,(anonymous_11)
FN:207,(anonymous_12)
FN:223,(anonymous_13)
FN:286,(anonymous_14)
FN:308,(anonymous_15)
FN:359,(anonymous_16)
FN:386,(anonymous_17)
FN:422,(anonymous_18)
FN:481,(anonymous_19)
FN:508,(anonymous_20)
FNF:21
FNH:0
FNDA:0,(anonymous_0)
FNDA:0,(anonymous_1)
FNDA:0,(anonymous_2)
FNDA:0,(anonymous_3)
FNDA:0,(anonymous_4)
FNDA:0,(anonymous_5)
FNDA:0,(anonymous_6)
FNDA:0,(anonymous_7)
FNDA:0,(anonymous_8)
FNDA:0,(anonymous_9)
FNDA:0,(anonymous_10)
FNDA:0,(anonymous_11)
FNDA:0,(anonymous_12)
FNDA:0,(anonymous_13)
FNDA:0,(anonymous_14)
FNDA:0,(anonymous_15)
FNDA:0,(anonymous_16)
FNDA:0,(anonymous_17)
FNDA:0,(anonymous_18)
FNDA:0,(anonymous_19)
FNDA:0,(anonymous_20)
DA:4,0
DA:23,0
DA:24,0
DA:25,0
DA:26,0
DA:27,0
DA:33,0
DA:34,0
DA:39,0
DA:41,0
DA:42,0
DA:44,0
DA:53,0
DA:56,0
DA:57,0
DA:60,0
DA:62,0
DA:69,0
DA:75,0
DA:76,0
DA:87,0
DA:88,0
DA:89,0
DA:91,0
DA:92,0
DA:93,0
DA:96,0
DA:97,0
DA:98,0
DA:99,0
DA:100,0
DA:103,0
DA:104,0
DA:115,0
DA:116,0
DA:119,0
DA:120,0
DA:121,0
DA:126,0
DA:127,0
DA:138,0
DA:139,0
DA:141,0
DA:142,0
DA:145,0
DA:146,0
DA:148,0
DA:149,0
DA:157,0
DA:159,0
DA:160,0
DA:163,0
DA:164,0
DA:166,0
DA:167,0
DA:169,0
DA:177,0
DA:178,0
DA:185,0
DA:192,0
DA:193,0
DA:200,0
DA:201,0
DA:209,0
DA:210,0
DA:214,0
DA:215,0
DA:224,0
DA:225,0
DA:227,0
DA:228,0
DA:229,0
DA:233,0
DA:236,0
DA:237,0
DA:238,0
DA:239,0
DA:240,0
DA:241,0
DA:243,0
DA:247,0
DA:257,0
DA:263,0
DA:264,0
DA:266,0
DA:268,0
DA:272,0
DA:287,0
DA:288,0
DA:290,0
DA:291,0
DA:293,0
DA:297,0
DA:298,0
DA:309,0
DA:310,0
DA:311,0
DA:312,0
DA:313,0
DA:316,0
DA:317,0
DA:318,0
DA:321,0
DA:322,0
DA:323,0
DA:324,0
DA:328,0
DA:329,0
DA:332,0
DA:334,0
DA:336,0
DA:339,0
DA:345,0
DA:347,0
DA:348,0
DA:352,0
DA:360,0
DA:361,0
DA:363,0
DA:364,0
DA:365,0
DA:368,0
DA:369,0
DA:370,0
DA:374,0
DA:375,0
DA:379,0
DA:381,0
DA:382,0
DA:384,0
DA:386,0
DA:387,0
DA:390,0
DA:392,0
DA:395,0
DA:400,0
DA:403,0
DA:406,0
DA:407,0
DA:410,0
DA:411,0
DA:415,0
DA:430,0
DA:432,0
DA:433,0
DA:435,0
DA:456,0
DA:463,0
DA:464,0
DA:465,0
DA:468,0
DA:475,0
DA:482,0
DA:483,0
DA:486,0
DA:487,0
DA:491,0
DA:492,0
DA:493,0
DA:495,0
DA:496,0
DA:498,0
DA:499,0
DA:513,0
DA:514,0
DA:520,0
DA:526,0
LF:167
LH:0
BRDA:32,0,0,0
BRDA:78,1,0,0
BRDA:78,1,1,0
BRDA:91,2,0,0
BRDA:96,3,0,0
BRDA:106,4,0,0
BRDA:106,4,1,0
BRDA:114,5,0,0
BRDA:129,6,0,0
BRDA:129,6,1,0
BRDA:141,7,0,0
BRDA:141,8,0,0
BRDA:141,8,1,0
BRDA:159,9,0,0
BRDA:166,10,0,0
BRDA:166,10,1,0
BRDA:178,11,0,0
BRDA:178,11,1,0
BRDA:228,12,0,0
BRDA:236,13,0,0
BRDA:236,13,1,0
BRDA:237,14,0,0
BRDA:237,14,1,0
BRDA:250,15,0,0
BRDA:250,15,1,0
BRDA:277,16,0,0
BRDA:277,16,1,0
BRDA:300,17,0,0
BRDA:300,17,1,0
BRDA:311,18,0,0
BRDA:316,19,0,0
BRDA:322,20,0,0
BRDA:350,21,0,0
BRDA:350,21,1,0
BRDA:363,22,0,0
BRDA:368,23,0,0
BRDA:379,24,0,0
BRDA:379,24,1,0
BRDA:381,25,0,0
BRDA:381,25,1,0
BRDA:413,26,0,0
BRDA:413,26,1,0
BRDA:437,27,0,0
BRDA:437,27,1,0
BRDA:458,28,0,0
BRDA:458,28,1,0
BRDA:463,29,0,0
BRDA:500,30,0,0
BRDA:500,30,1,0
BRF:49
BRH:0
end_of_record
TN:
SF:src/utils/types.ts
FN:5,(anonymous_0)
FN:121,toExtensionSettings
FN:128,fromExtensionSettings
FNF:3
FNH:3
FNDA:2,(anonymous_0)
FNDA:4,toExtensionSettings
FNDA:3,fromExtensionSettings
DA:5,2
DA:6,2
DA:7,2
DA:8,2
DA:9,2
DA:10,2
DA:11,2
DA:112,2
DA:121,2
DA:122,4
DA:128,2
DA:131,3
LF:12
LH:12
BRDA:5,0,0,2
BRDA:5,0,1,2
BRDA:133,1,0,3
BRDA:133,1,1,0
BRDA:133,1,2,0
BRF:5
BRH:3
end_of_record
